[2021-08-27 10:35:29.487] [exthost] [info] extension host started
[2021-08-27 10:35:29.537] [exthost] [error] Error: EEXIST: file already exists, open '/home/maharajamihir/.config/Code - OSS/User/workspaceStorage/da4cbefb0f8d5c5f55f6c005d995636b/vscode.lock'
[2021-08-27 10:35:29.592] [exthost] [info] Lock '/home/maharajamihir/.config/Code - OSS/User/workspaceStorage/da4cbefb0f8d5c5f55f6c005d995636b/vscode.lock': Could not acquire lock, checking if the file is stale.
[2021-08-27 10:35:29.593] [exthost] [info] Lock '/home/maharajamihir/.config/Code - OSS/User/workspaceStorage/da4cbefb0f8d5c5f55f6c005d995636b/vscode.lock': The pid 947 appears to be gone.
[2021-08-27 10:35:29.593] [exthost] [info] Lock '/home/maharajamihir/.config/Code - OSS/User/workspaceStorage/da4cbefb0f8d5c5f55f6c005d995636b/vscode.lock': Deleting a stale lock.
[2021-08-27 10:35:29.600] [exthost] [info] Lock '/home/maharajamihir/.config/Code - OSS/User/workspaceStorage/da4cbefb0f8d5c5f55f6c005d995636b/vscode.lock': Lock acquired.
[2021-08-27 10:35:29.943] [exthost] [info] ExtensionService#_doActivateExtension vscode.extension-editing {"startup":false,"extensionId":{"value":"vscode.extension-editing","_lower":"vscode.extension-editing"},"activationEvent":"onLanguage:markdown"}
[2021-08-27 10:35:29.943] [exthost] [info] ExtensionService#loadCommonJSModule file:///usr/lib/code/extensions/extension-editing/dist/extensionEditingMain
[2021-08-27 10:35:30.133] [exthost] [info] ExtensionService#_doActivateExtension vscode.markdown-language-features {"startup":false,"extensionId":{"value":"vscode.markdown-language-features","_lower":"vscode.markdown-language-features"},"activationEvent":"onLanguage:markdown"}
[2021-08-27 10:35:30.133] [exthost] [info] ExtensionService#loadCommonJSModule file:///usr/lib/code/extensions/markdown-language-features/dist/extension
[2021-08-27 10:35:30.647] [exthost] [info] ExtensionService#_doActivateExtension vscode.debug-auto-launch {"startup":true,"extensionId":{"value":"vscode.debug-auto-launch","_lower":"vscode.debug-auto-launch"},"activationEvent":"*"}
[2021-08-27 10:35:30.648] [exthost] [info] ExtensionService#loadCommonJSModule file:///usr/lib/code/extensions/debug-auto-launch/dist/extension
[2021-08-27 10:35:30.987] [exthost] [info] ExtensionService#_doActivateExtension vscode.git {"startup":true,"extensionId":{"value":"vscode.github","_lower":"vscode.github"},"activationEvent":"*"}
[2021-08-27 10:35:30.988] [exthost] [info] ExtensionService#loadCommonJSModule file:///usr/lib/code/extensions/git/dist/main
[2021-08-27 10:35:31.216] [exthost] [info] ExtensionService#_doActivateExtension vscode.npm {"startup":true,"extensionId":{"value":"vscode.npm","_lower":"vscode.npm"},"activationEvent":"workspaceContains:package.json"}
[2021-08-27 10:35:31.216] [exthost] [info] ExtensionService#loadCommonJSModule file:///usr/lib/code/extensions/npm/dist/npmMain
[2021-08-27 10:35:32.742] [exthost] [info] ExtensionService#_doActivateExtension vscode.markdown-math {"startup":false,"extensionId":{"value":"vscode.markdown-language-features","_lower":"vscode.markdown-language-features"},"activationEvent":"api"}
[2021-08-27 10:35:32.742] [exthost] [info] ExtensionService#loadCommonJSModule file:///usr/lib/code/extensions/markdown-math/dist/extension
[2021-08-27 10:35:33.099] [exthost] [info] ExtensionService#_doActivateExtension ms-vscode.js-debug {"startup":false,"extensionId":{"value":"ms-vscode.js-debug","_lower":"ms-vscode.js-debug"},"activationEvent":"onCommand:extension.js-debug.clearAutoAttachVariables"}
[2021-08-27 10:35:33.099] [exthost] [info] ExtensionService#loadCommonJSModule file:///usr/lib/code/extensions/ms-vscode.js-debug/src/extension.js
[2021-08-27 10:35:33.697] [exthost] [info] ExtensionService#_doActivateExtension vscode.github {"startup":true,"extensionId":{"value":"vscode.github","_lower":"vscode.github"},"activationEvent":"*"}
[2021-08-27 10:35:33.697] [exthost] [info] ExtensionService#loadCommonJSModule file:///usr/lib/code/extensions/github/dist/extension.js
[2021-08-27 10:35:34.546] [exthost] [info] eager extensions activated
[2021-08-27 10:35:34.565] [exthost] [info] ExtensionService#_doActivateExtension vscode.emmet {"startup":false,"extensionId":{"value":"vscode.emmet","_lower":"vscode.emmet"},"activationEvent":"onStartupFinished"}
[2021-08-27 10:35:34.565] [exthost] [info] ExtensionService#loadCommonJSModule file:///usr/lib/code/extensions/emmet/dist/node/emmetNodeMain
[2021-08-27 10:35:34.657] [exthost] [info] ExtensionService#_doActivateExtension vscode.merge-conflict {"startup":false,"extensionId":{"value":"vscode.merge-conflict","_lower":"vscode.merge-conflict"},"activationEvent":"onStartupFinished"}
[2021-08-27 10:35:34.658] [exthost] [info] ExtensionService#loadCommonJSModule file:///usr/lib/code/extensions/merge-conflict/dist/mergeConflictMain
[2021-08-27 10:35:34.693] [exthost] [info] ExtensionService#_doActivateExtension vscode.testing-editor-contributions {"startup":false,"extensionId":{"value":"vscode.testing-editor-contributions","_lower":"vscode.testing-editor-contributions"},"activationEvent":"onStartupFinished"}
[2021-08-27 10:35:34.694] [exthost] [info] ExtensionService#loadCommonJSModule file:///usr/lib/code/extensions/testing-editor-contributions/dist/extension.js
[2021-08-27 10:35:35.326] [exthost] [warning] [Decorations] CAPPING events from decorations provider vscode.git 598
