[2021-08-25 15:38:40.296] [exthost] [info] extension host started
[2021-08-25 15:38:40.352] [exthost] [info] Lock '/home/maharajamihir/.config/Code - OSS/User/workspaceStorage/bfb2399c9e5e8a3132924ff208218cae/vscode.lock': Lock acquired.
[2021-08-25 15:38:40.560] [exthost] [info] ExtensionService#_doActivateExtension vscode.debug-auto-launch {"startup":true,"extensionId":{"value":"vscode.debug-auto-launch","_lower":"vscode.debug-auto-launch"},"activationEvent":"*"}
[2021-08-25 15:38:40.561] [exthost] [info] ExtensionService#loadCommonJSModule file:///usr/lib/code/extensions/debug-auto-launch/dist/extension
[2021-08-25 15:38:40.576] [exthost] [info] ExtensionService#_doActivateExtension vscode.git {"startup":true,"extensionId":{"value":"vscode.github","_lower":"vscode.github"},"activationEvent":"*"}
[2021-08-25 15:38:40.577] [exthost] [info] ExtensionService#loadCommonJSModule file:///usr/lib/code/extensions/git/dist/main
[2021-08-25 15:38:40.867] [exthost] [info] ExtensionService#_doActivateExtension vscode.github {"startup":true,"extensionId":{"value":"vscode.github","_lower":"vscode.github"},"activationEvent":"*"}
[2021-08-25 15:38:40.867] [exthost] [info] ExtensionService#loadCommonJSModule file:///usr/lib/code/extensions/github/dist/extension.js
[2021-08-25 15:38:40.959] [exthost] [info] ExtensionService#_doActivateExtension ms-vscode.js-debug {"startup":false,"extensionId":{"value":"ms-vscode.js-debug","_lower":"ms-vscode.js-debug"},"activationEvent":"onCommand:extension.js-debug.clearAutoAttachVariables"}
[2021-08-25 15:38:40.959] [exthost] [info] ExtensionService#loadCommonJSModule file:///usr/lib/code/extensions/ms-vscode.js-debug/src/extension.js
[2021-08-25 15:38:41.328] [exthost] [info] eager extensions activated
[2021-08-25 15:38:41.372] [exthost] [info] ExtensionService#_doActivateExtension vscode.emmet {"startup":false,"extensionId":{"value":"vscode.emmet","_lower":"vscode.emmet"},"activationEvent":"onStartupFinished"}
[2021-08-25 15:38:41.373] [exthost] [info] ExtensionService#loadCommonJSModule file:///usr/lib/code/extensions/emmet/dist/node/emmetNodeMain
[2021-08-25 15:38:41.384] [exthost] [info] ExtensionService#_doActivateExtension vscode.merge-conflict {"startup":false,"extensionId":{"value":"vscode.merge-conflict","_lower":"vscode.merge-conflict"},"activationEvent":"onStartupFinished"}
[2021-08-25 15:38:41.384] [exthost] [info] ExtensionService#loadCommonJSModule file:///usr/lib/code/extensions/merge-conflict/dist/mergeConflictMain
[2021-08-25 15:38:41.388] [exthost] [info] ExtensionService#_doActivateExtension vscode.testing-editor-contributions {"startup":false,"extensionId":{"value":"vscode.testing-editor-contributions","_lower":"vscode.testing-editor-contributions"},"activationEvent":"onStartupFinished"}
[2021-08-25 15:38:41.388] [exthost] [info] ExtensionService#loadCommonJSModule file:///usr/lib/code/extensions/testing-editor-contributions/dist/extension.js
[2021-08-25 15:38:44.320] [exthost] [warning] [Decorations] CAPPING events from decorations provider vscode.git 598
[2021-08-25 15:39:14.187] [exthost] [info] extension host terminating: renderer closed the socket
[2021-08-25 15:39:14.188] [exthost] [info] Lock '/home/maharajamihir/.config/Code - OSS/User/workspaceStorage/bfb2399c9e5e8a3132924ff208218cae/vscode.lock': Marking the lockfile as scheduled to be released in 6000 ms.
[2021-08-25 15:39:15.233] [exthost] [info] exiting with code 0
