[2021-08-24 12:12:38.049] [exthost] [info] extension host started
[2021-08-24 12:12:38.057] [exthost] [error] Error: EEXIST: file already exists, open '/home/maharajamihir/.config/Code - OSS/User/workspaceStorage/81aba9c4b70526c6396650fc3f8e9c21/vscode.lock'
[2021-08-24 12:12:38.133] [exthost] [info] Lock '/home/maharajamihir/.config/Code - OSS/User/workspaceStorage/81aba9c4b70526c6396650fc3f8e9c21/vscode.lock': Could not acquire lock, checking if the file is stale.
[2021-08-24 12:12:38.172] [exthost] [info] Lock '/home/maharajamihir/.config/Code - OSS/User/workspaceStorage/81aba9c4b70526c6396650fc3f8e9c21/vscode.lock': The lock looks stale, waiting for 2s.
[2021-08-24 12:12:38.692] [exthost] [info] ExtensionService#_doActivateExtension vscode.debug-auto-launch {"startup":true,"extensionId":{"value":"vscode.debug-auto-launch","_lower":"vscode.debug-auto-launch"},"activationEvent":"*"}
[2021-08-24 12:12:38.692] [exthost] [info] ExtensionService#loadCommonJSModule file:///usr/lib/code/extensions/debug-auto-launch/dist/extension
[2021-08-24 12:12:38.702] [exthost] [info] ExtensionService#_doActivateExtension vscode.git {"startup":true,"extensionId":{"value":"vscode.github","_lower":"vscode.github"},"activationEvent":"*"}
[2021-08-24 12:12:38.702] [exthost] [info] ExtensionService#loadCommonJSModule file:///usr/lib/code/extensions/git/dist/main
[2021-08-24 12:12:40.173] [exthost] [info] Lock '/home/maharajamihir/.config/Code - OSS/User/workspaceStorage/81aba9c4b70526c6396650fc3f8e9c21/vscode.lock': The lock looks stale even after waiting for 2s.
[2021-08-24 12:12:40.173] [exthost] [info] Lock '/home/maharajamihir/.config/Code - OSS/User/workspaceStorage/81aba9c4b70526c6396650fc3f8e9c21/vscode.lock': Deleting a stale lock.
[2021-08-24 12:12:40.175] [exthost] [info] Lock '/home/maharajamihir/.config/Code - OSS/User/workspaceStorage/81aba9c4b70526c6396650fc3f8e9c21/vscode.lock': Lock acquired.
[2021-08-24 12:12:40.279] [exthost] [info] ExtensionService#_doActivateExtension ms-vscode.js-debug {"startup":false,"extensionId":{"value":"ms-vscode.js-debug","_lower":"ms-vscode.js-debug"},"activationEvent":"onCommand:extension.js-debug.clearAutoAttachVariables"}
[2021-08-24 12:12:40.280] [exthost] [info] ExtensionService#loadCommonJSModule file:///usr/lib/code/extensions/ms-vscode.js-debug/src/extension.js
[2021-08-24 12:12:40.757] [exthost] [info] ExtensionService#_doActivateExtension vscode.github {"startup":true,"extensionId":{"value":"vscode.github","_lower":"vscode.github"},"activationEvent":"*"}
[2021-08-24 12:12:40.757] [exthost] [info] ExtensionService#loadCommonJSModule file:///usr/lib/code/extensions/github/dist/extension.js
[2021-08-24 12:12:40.910] [exthost] [info] eager extensions activated
[2021-08-24 12:12:40.926] [exthost] [info] ExtensionService#_doActivateExtension vscode.emmet {"startup":false,"extensionId":{"value":"vscode.emmet","_lower":"vscode.emmet"},"activationEvent":"onStartupFinished"}
[2021-08-24 12:12:40.926] [exthost] [info] ExtensionService#loadCommonJSModule file:///usr/lib/code/extensions/emmet/dist/node/emmetNodeMain
[2021-08-24 12:12:41.004] [exthost] [info] ExtensionService#_doActivateExtension vscode.merge-conflict {"startup":false,"extensionId":{"value":"vscode.merge-conflict","_lower":"vscode.merge-conflict"},"activationEvent":"onStartupFinished"}
[2021-08-24 12:12:41.005] [exthost] [info] ExtensionService#loadCommonJSModule file:///usr/lib/code/extensions/merge-conflict/dist/mergeConflictMain
[2021-08-24 12:12:41.194] [exthost] [info] ExtensionService#_doActivateExtension vscode.testing-editor-contributions {"startup":false,"extensionId":{"value":"vscode.testing-editor-contributions","_lower":"vscode.testing-editor-contributions"},"activationEvent":"onStartupFinished"}
[2021-08-24 12:12:41.194] [exthost] [info] ExtensionService#loadCommonJSModule file:///usr/lib/code/extensions/testing-editor-contributions/dist/extension.js
[2021-08-24 12:55:52.649] [exthost] [info] ExtensionService#_doActivateExtension vscode.html-language-features {"startup":false,"extensionId":{"value":"vscode.html-language-features","_lower":"vscode.html-language-features"},"activationEvent":"onLanguage:html"}
[2021-08-24 12:55:52.649] [exthost] [info] ExtensionService#loadCommonJSModule file:///usr/lib/code/extensions/html-language-features/client/dist/node/htmlClientMain
[2021-08-24 12:55:59.687] [exthost] [error] [vscode.html-language-features] provider FAILED
[2021-08-24 12:55:59.687] [exthost] [error] Canceled: Canceled
	at b.makeCancelError (/usr/lib/code/extensions/html-language-features/client/dist/node/htmlClientMain.js:1:64522)
	at b.handleFailedRequest (/usr/lib/code/extensions/html-language-features/client/dist/node/htmlClientMain.js:1:64373)
	at /usr/lib/code/extensions/html-language-features/client/dist/node/htmlClientMain.js:1:24715
