Looking for git in: git
Using git 2.33.0 from git
> git rev-parse --git-dir
Open repository: /home/maharajamihir/Projects/BoozeUp-API
> git status -z -u
> git symbolic-ref --short HEAD
> git for-each-ref --format=%(refname)%00%(upstream:short)%00%(objectname)%00%(upstream:track) refs/heads/main refs/remotes/main
> git for-each-ref --sort -committerdate --format %(refname) %(objectname) %(*objectname)
> git remote --verbose
Warning: Failed to watch ref '/home/maharajamihir/Projects/BoozeUp-API/.git/refs/remotes/origin/main', is most likely packed.
> git config --get commit.template
> git show --textconv :DatabaseScripts.md
> git ls-files --stage -- /home/maharajamihir/Projects/BoozeUp-API/DatabaseScripts.md
> git check-ignore -v -z --stdin
> git cat-file -s b8bc03fb2d350f9c582364e53d240a8adbdb8021
> git show --textconv :app/main.py
> git ls-files --stage -- /home/maharajamihir/Projects/BoozeUp-API/app/main.py
> git cat-file -s d7298f3d33930d83ef5b85fb62c261a9ed632987
> git check-ignore -v -z --stdin
> git check-ignore -v -z --stdin
> git check-ignore -v -z --stdin
> git check-ignore -v -z --stdin
> git status -z -u
> git symbolic-ref --short HEAD
> git for-each-ref --format=%(refname)%00%(upstream:short)%00%(objectname)%00%(upstream:track) refs/heads/main refs/remotes/main
> git for-each-ref --sort -committerdate --format %(refname) %(objectname) %(*objectname)
> git remote --verbose
Warning: Failed to watch ref '/home/maharajamihir/Projects/BoozeUp-API/.git/refs/remotes/origin/main', is most likely packed.
> git config --get commit.template
> git status -z -u
> git symbolic-ref --short HEAD
> git for-each-ref --format=%(refname)%00%(upstream:short)%00%(objectname)%00%(upstream:track) refs/heads/main refs/remotes/main
> git for-each-ref --sort -committerdate --format %(refname) %(objectname) %(*objectname)
> git remote --verbose
Warning: Failed to watch ref '/home/maharajamihir/Projects/BoozeUp-API/.git/refs/remotes/origin/main', is most likely packed.
> git config --get commit.template
> git show --textconv :Procfile
> git ls-files --stage -- /home/maharajamihir/Projects/BoozeUp-API/Procfile
> git cat-file -s fc272ab9983257fdf0d496cda6b3b9962aa4c59e
> git show --textconv :app/main.py
> git ls-files --stage -- /home/maharajamihir/Projects/BoozeUp-API/app/main.py
> git cat-file -s d7298f3d33930d83ef5b85fb62c261a9ed632987
> git check-ignore -v -z --stdin
> git show --textconv :app/templates/app.html
> git ls-files --stage -- /home/maharajamihir/Projects/BoozeUp-API/app/templates/app.html
> git cat-file -s de632464d6210b1226a39015cafa099662bfac60
> git show --textconv :app/templates/index.html
> git ls-files --stage -- /home/maharajamihir/Projects/BoozeUp-API/app/templates/index.html
> git cat-file -s ef0ad5b2e0a46e61f056abc8fe91088f71523013
> git status -z -u
> git symbolic-ref --short HEAD
> git for-each-ref --format=%(refname)%00%(upstream:short)%00%(objectname)%00%(upstream:track) refs/heads/main refs/remotes/main
> git for-each-ref --sort -committerdate --format %(refname) %(objectname) %(*objectname)
> git remote --verbose
Warning: Failed to watch ref '/home/maharajamihir/Projects/BoozeUp-API/.git/refs/remotes/origin/main', is most likely packed.
> git config --get commit.template
> git log --format=%H%n%aN%n%aE%n%at%n%ct%n%P%n%B -z -n21 -- /home/maharajamihir/Projects/BoozeUp-API/app/templates/index.html
> git status -z -u
> git symbolic-ref --short HEAD
> git for-each-ref --format=%(refname)%00%(upstream:short)%00%(objectname)%00%(upstream:track) refs/heads/main refs/remotes/main
> git for-each-ref --sort -committerdate --format %(refname) %(objectname) %(*objectname)
> git remote --verbose
Warning: Failed to watch ref '/home/maharajamihir/Projects/BoozeUp-API/.git/refs/remotes/origin/main', is most likely packed.
> git config --get commit.template
> git ls-files --stage -- /home/maharajamihir/Projects/BoozeUp-API/app/templates/index.html
> git cat-file -s 985880603c0279ff69901763781375d622f28311
> git show --textconv :app/templates/index.html
> git status -z -u
> git symbolic-ref --short HEAD
> git for-each-ref --format=%(refname)%00%(upstream:short)%00%(objectname)%00%(upstream:track) refs/heads/main refs/remotes/main
> git for-each-ref --sort -committerdate --format %(refname) %(objectname) %(*objectname)
> git remote --verbose
Warning: Failed to watch ref '/home/maharajamihir/Projects/BoozeUp-API/.git/refs/remotes/origin/main', is most likely packed.
> git config --get commit.template
> git status -z -u
> git ls-files --stage -- /home/maharajamihir/Projects/BoozeUp-API/app/templates/index.html
> git symbolic-ref --short HEAD
> git cat-file -s 985880603c0279ff69901763781375d622f28311
> git for-each-ref --format=%(refname)%00%(upstream:short)%00%(objectname)%00%(upstream:track) refs/heads/main refs/remotes/main
> git for-each-ref --sort -committerdate --format %(refname) %(objectname) %(*objectname)
> git remote --verbose
> git show --textconv :app/templates/index.html
Warning: Failed to watch ref '/home/maharajamihir/Projects/BoozeUp-API/.git/refs/remotes/origin/main', is most likely packed.
> git config --get commit.template
> git show --textconv :fetch_data.py
> git ls-files --stage -- /home/maharajamihir/Projects/BoozeUp-API/fetch_data.py
> git cat-file -s 62a4ac6726854a1d00ad179cb6aa4f4bc0334bf8
> git show --textconv :Procfile
> git ls-files --stage -- /home/maharajamihir/Projects/BoozeUp-API/Procfile
> git cat-file -s fc272ab9983257fdf0d496cda6b3b9962aa4c59e
> git status -z -u
> git symbolic-ref --short HEAD
> git for-each-ref --format=%(refname)%00%(upstream:short)%00%(objectname)%00%(upstream:track) refs/heads/main refs/remotes/main
> git for-each-ref --sort -committerdate --format %(refname) %(objectname) %(*objectname)
> git remote --verbose
Warning: Failed to watch ref '/home/maharajamihir/Projects/BoozeUp-API/.git/refs/remotes/origin/main', is most likely packed.
> git config --get commit.template
> git status -z -u
> git symbolic-ref --short HEAD
> git ls-files --stage -- /home/maharajamihir/Projects/BoozeUp-API/Procfile
> git for-each-ref --format=%(refname)%00%(upstream:short)%00%(objectname)%00%(upstream:track) refs/heads/main refs/remotes/main
> git cat-file -s 69fff1e7b80067a87ad6b540b715412cce874b65
> git for-each-ref --sort -committerdate --format %(refname) %(objectname) %(*objectname)
> git remote --verbose
Warning: Failed to watch ref '/home/maharajamihir/Projects/BoozeUp-API/.git/refs/remotes/origin/main', is most likely packed.
> git config --get commit.template
> git show --textconv :Procfile
> git show --textconv :requirements.txt
> git ls-files --stage -- /home/maharajamihir/Projects/BoozeUp-API/requirements.txt
> git cat-file -s a0c488acd2b59bf0e41760ae7b2861ed4cc48147
> git show --textconv :fetch_data.py
> git ls-files --stage -- /home/maharajamihir/Projects/BoozeUp-API/fetch_data.py
> git cat-file -s 62a4ac6726854a1d00ad179cb6aa4f4bc0334bf8
> git show --textconv :requirements.txt
> git ls-files --stage -- /home/maharajamihir/Projects/BoozeUp-API/requirements.txt
> git cat-file -s a0c488acd2b59bf0e41760ae7b2861ed4cc48147
> git show --textconv :Procfile
> git ls-files --stage -- /home/maharajamihir/Projects/BoozeUp-API/Procfile
> git cat-file -s 69fff1e7b80067a87ad6b540b715412cce874b65
> git status -z -u
> git symbolic-ref --short HEAD
> git for-each-ref --format=%(refname)%00%(upstream:short)%00%(objectname)%00%(upstream:track) refs/heads/main refs/remotes/main
> git for-each-ref --sort -committerdate --format %(refname) %(objectname) %(*objectname)
> git remote --verbose
Warning: Failed to watch ref '/home/maharajamihir/Projects/BoozeUp-API/.git/refs/remotes/origin/main', is most likely packed.
> git config --get commit.template
> git check-ignore -v -z --stdin
> git status -z -u
> git symbolic-ref --short HEAD
> git for-each-ref --format=%(refname)%00%(upstream:short)%00%(objectname)%00%(upstream:track) refs/heads/main refs/remotes/main
> git ls-files --stage -- /home/maharajamihir/Projects/BoozeUp-API/Procfile
> git for-each-ref --sort -committerdate --format %(refname) %(objectname) %(*objectname)
> git remote --verbose
> git cat-file -s 935b51ba6e8ef55957dc4c1aab19f93a44b06e84
Warning: Failed to watch ref '/home/maharajamihir/Projects/BoozeUp-API/.git/refs/remotes/origin/main', is most likely packed.
> git config --get commit.template
> git show --textconv :Procfile
> git show --textconv :Pipfile
> git ls-files --stage -- /home/maharajamihir/Projects/BoozeUp-API/Pipfile
> git status -z -u
> git symbolic-ref --short HEAD
> git for-each-ref --format=%(refname)%00%(upstream:short)%00%(objectname)%00%(upstream:track) refs/heads/main refs/remotes/main
> git for-each-ref --sort -committerdate --format %(refname) %(objectname) %(*objectname)
> git remote --verbose
Warning: Failed to watch ref '/home/maharajamihir/Projects/BoozeUp-API/.git/refs/remotes/origin/main', is most likely packed.
> git config --get commit.template
> git show --textconv :requirements.txt
> git ls-files --stage -- /home/maharajamihir/Projects/BoozeUp-API/requirements.txt
> git cat-file -s a0c488acd2b59bf0e41760ae7b2861ed4cc48147
> git status -z -u
> git symbolic-ref --short HEAD
> git for-each-ref --format=%(refname)%00%(upstream:short)%00%(objectname)%00%(upstream:track) refs/heads/main refs/remotes/main
> git for-each-ref --sort -committerdate --format %(refname) %(objectname) %(*objectname)
> git remote --verbose
Warning: Failed to watch ref '/home/maharajamihir/Projects/BoozeUp-API/.git/refs/remotes/origin/main', is most likely packed.
> git config --get commit.template
> git status -z -u
> git ls-files --stage -- /home/maharajamihir/Projects/BoozeUp-API/requirements.txt
> git symbolic-ref --short HEAD
> git cat-file -s 96e2171944929851c14d6e36adbe0ff2fdefa98b
> git for-each-ref --format=%(refname)%00%(upstream:short)%00%(objectname)%00%(upstream:track) refs/heads/main refs/remotes/main
> git show --textconv :requirements.txt
> git for-each-ref --sort -committerdate --format %(refname) %(objectname) %(*objectname)
> git remote --verbose
Warning: Failed to watch ref '/home/maharajamihir/Projects/BoozeUp-API/.git/refs/remotes/origin/main', is most likely packed.
> git config --get commit.template
> git status -z -u
> git ls-files --stage -- /home/maharajamihir/Projects/BoozeUp-API/requirements.txt
> git symbolic-ref --short HEAD
> git cat-file -s f74f02bf8ae21a920128460119f96db2a13adbc7
> git for-each-ref --format=%(refname)%00%(upstream:short)%00%(objectname)%00%(upstream:track) refs/heads/main refs/remotes/main
> git for-each-ref --sort -committerdate --format %(refname) %(objectname) %(*objectname)
> git remote --verbose
Warning: Failed to watch ref '/home/maharajamihir/Projects/BoozeUp-API/.git/refs/remotes/origin/main', is most likely packed.
> git config --get commit.template
> git show --textconv :requirements.txt
> git status -z -u
> git symbolic-ref --short HEAD
> git for-each-ref --format=%(refname)%00%(upstream:short)%00%(objectname)%00%(upstream:track) refs/heads/main refs/remotes/main
> git for-each-ref --sort -committerdate --format %(refname) %(objectname) %(*objectname)
> git remote --verbose
Warning: Failed to watch ref '/home/maharajamihir/Projects/BoozeUp-API/.git/refs/remotes/origin/main', is most likely packed.
> git config --get commit.template
> git status -z -u
> git symbolic-ref --short HEAD
> git ls-files --stage -- /home/maharajamihir/Projects/BoozeUp-API/requirements.txt
> git for-each-ref --format=%(refname)%00%(upstream:short)%00%(objectname)%00%(upstream:track) refs/heads/main refs/remotes/main
> git cat-file -s 724d1d7c24ab051f672373e3a8018ae51f192f3d
> git for-each-ref --sort -committerdate --format %(refname) %(objectname) %(*objectname)
> git remote --verbose
Warning: Failed to watch ref '/home/maharajamihir/Projects/BoozeUp-API/.git/refs/remotes/origin/main', is most likely packed.
> git show --textconv :requirements.txt
> git config --get commit.template
> git status -z -u
> git symbolic-ref --short HEAD
> git for-each-ref --format=%(refname)%00%(upstream:short)%00%(objectname)%00%(upstream:track) refs/heads/main refs/remotes/main
> git for-each-ref --sort -committerdate --format %(refname) %(objectname) %(*objectname)
> git remote --verbose
Warning: Failed to watch ref '/home/maharajamihir/Projects/BoozeUp-API/.git/refs/remotes/origin/main', is most likely packed.
> git config --get commit.template
> git status -z -u
> git symbolic-ref --short HEAD
> git ls-files --stage -- /home/maharajamihir/Projects/BoozeUp-API/requirements.txt
> git for-each-ref --format=%(refname)%00%(upstream:short)%00%(objectname)%00%(upstream:track) refs/heads/main refs/remotes/main
> git cat-file -s 57db13ad4edd350d830e2d2dd7dd9750b66b084a
> git for-each-ref --sort -committerdate --format %(refname) %(objectname) %(*objectname)
> git remote --verbose
> git show --textconv :requirements.txt
Warning: Failed to watch ref '/home/maharajamihir/Projects/BoozeUp-API/.git/refs/remotes/origin/main', is most likely packed.
> git config --get commit.template
> git status -z -u
> git symbolic-ref --short HEAD
> git for-each-ref --format=%(refname)%00%(upstream:short)%00%(objectname)%00%(upstream:track) refs/heads/main refs/remotes/main
> git for-each-ref --sort -committerdate --format %(refname) %(objectname) %(*objectname)
> git remote --verbose
Warning: Failed to watch ref '/home/maharajamihir/Projects/BoozeUp-API/.git/refs/remotes/origin/main', is most likely packed.
> git config --get commit.template
> git status -z -u
> git symbolic-ref --short HEAD
> git for-each-ref --format=%(refname)%00%(upstream:short)%00%(objectname)%00%(upstream:track) refs/heads/main refs/remotes/main
> git for-each-ref --sort -committerdate --format %(refname) %(objectname) %(*objectname)
> git remote --verbose
Warning: Failed to watch ref '/home/maharajamihir/Projects/BoozeUp-API/.git/refs/remotes/origin/main', is most likely packed.
> git config --get commit.template
> git status -z -u
> git symbolic-ref --short HEAD
> git ls-files --stage -- /home/maharajamihir/Projects/BoozeUp-API/requirements.txt
> git for-each-ref --format=%(refname)%00%(upstream:short)%00%(objectname)%00%(upstream:track) refs/heads/main refs/remotes/main
> git cat-file -s 5285e6dfae40bf8b0771d1a24fc8a472ab5f92d8
> git for-each-ref --sort -committerdate --format %(refname) %(objectname) %(*objectname)
> git remote --verbose
Warning: Failed to watch ref '/home/maharajamihir/Projects/BoozeUp-API/.git/refs/remotes/origin/main', is most likely packed.
> git config --get commit.template
> git show --textconv :requirements.txt
> git status -z -u
> git symbolic-ref --short HEAD
> git ls-files --stage -- /home/maharajamihir/Projects/BoozeUp-API/requirements.txt
> git for-each-ref --format=%(refname)%00%(upstream:short)%00%(objectname)%00%(upstream:track) refs/heads/main refs/remotes/main
> git cat-file -s 707b3981ecfb3c84c5a29ad50764fb6961c5b8a3
> git for-each-ref --sort -committerdate --format %(refname) %(objectname) %(*objectname)
> git remote --verbose
Warning: Failed to watch ref '/home/maharajamihir/Projects/BoozeUp-API/.git/refs/remotes/origin/main', is most likely packed.
> git config --get commit.template
> git show --textconv :requirements.txt
> git status -z -u
> git symbolic-ref --short HEAD
> git for-each-ref --format=%(refname)%00%(upstream:short)%00%(objectname)%00%(upstream:track) refs/heads/main refs/remotes/main
> git for-each-ref --sort -committerdate --format %(refname) %(objectname) %(*objectname)
> git remote --verbose
Warning: Failed to watch ref '/home/maharajamihir/Projects/BoozeUp-API/.git/refs/remotes/origin/main', is most likely packed.
> git config --get commit.template
> git status -z -u
> git ls-files --stage -- /home/maharajamihir/Projects/BoozeUp-API/requirements.txt
> git symbolic-ref --short HEAD
> git cat-file -s a0c488acd2b59bf0e41760ae7b2861ed4cc48147
> git for-each-ref --format=%(refname)%00%(upstream:short)%00%(objectname)%00%(upstream:track) refs/heads/main refs/remotes/main
> git show --textconv :requirements.txt
> git for-each-ref --sort -committerdate --format %(refname) %(objectname) %(*objectname)
> git remote --verbose
Warning: Failed to watch ref '/home/maharajamihir/Projects/BoozeUp-API/.git/refs/remotes/origin/main', is most likely packed.
> git config --get commit.template
> git status -z -u
> git symbolic-ref --short HEAD
> git for-each-ref --format=%(refname)%00%(upstream:short)%00%(objectname)%00%(upstream:track) refs/heads/main refs/remotes/main
> git for-each-ref --sort -committerdate --format %(refname) %(objectname) %(*objectname)
> git remote --verbose
Warning: Failed to watch ref '/home/maharajamihir/Projects/BoozeUp-API/.git/refs/remotes/origin/main', is most likely packed.
> git config --get commit.template
> git check-ignore -v -z --stdin
> git status -z -u
> git symbolic-ref --short HEAD
> git for-each-ref --format=%(refname)%00%(upstream:short)%00%(objectname)%00%(upstream:track) refs/heads/main refs/remotes/main
> git for-each-ref --sort -committerdate --format %(refname) %(objectname) %(*objectname)
> git remote --verbose
Warning: Failed to watch ref '/home/maharajamihir/Projects/BoozeUp-API/.git/refs/remotes/origin/main', is most likely packed.
> git config --get commit.template
> git check-ignore -v -z --stdin
> git status -z -u
> git symbolic-ref --short HEAD
> git for-each-ref --format=%(refname)%00%(upstream:short)%00%(objectname)%00%(upstream:track) refs/heads/main refs/remotes/main
> git for-each-ref --sort -committerdate --format %(refname) %(objectname) %(*objectname)
> git remote --verbose
Warning: Failed to watch ref '/home/maharajamihir/Projects/BoozeUp-API/.git/refs/remotes/origin/main', is most likely packed.
> git config --get commit.template
> git status -z -u
> git symbolic-ref --short HEAD
> git ls-files --stage -- /home/maharajamihir/Projects/BoozeUp-API/requirements.txt
> git for-each-ref --format=%(refname)%00%(upstream:short)%00%(objectname)%00%(upstream:track) refs/heads/main refs/remotes/main
> git cat-file -s 5c44df161c576d3b51cf084dcec13395ff9e46db
> git for-each-ref --sort -committerdate --format %(refname) %(objectname) %(*objectname)
> git remote --verbose
Warning: Failed to watch ref '/home/maharajamihir/Projects/BoozeUp-API/.git/refs/remotes/origin/main', is most likely packed.
> git config --get commit.template
> git show --textconv :requirements.txt
> git status -z -u
> git symbolic-ref --short HEAD
> git for-each-ref --format=%(refname)%00%(upstream:short)%00%(objectname)%00%(upstream:track) refs/heads/main refs/remotes/main
> git for-each-ref --sort -committerdate --format %(refname) %(objectname) %(*objectname)
> git remote --verbose
Warning: Failed to watch ref '/home/maharajamihir/Projects/BoozeUp-API/.git/refs/remotes/origin/main', is most likely packed.
> git config --get commit.template
> git show --textconv :.gitignore
> git ls-files --stage -- /home/maharajamihir/Projects/BoozeUp-API/.gitignore
> git cat-file -s 5e553d2221051f4a65786aedaf823e0bffc4e180
> git check-ignore -v -z --stdin
> git status -z -u
> git symbolic-ref --short HEAD
> git for-each-ref --format=%(refname)%00%(upstream:short)%00%(objectname)%00%(upstream:track) refs/heads/main refs/remotes/main
> git for-each-ref --sort -committerdate --format %(refname) %(objectname) %(*objectname)
> git remote --verbose
Warning: Failed to watch ref '/home/maharajamihir/Projects/BoozeUp-API/.git/refs/remotes/origin/main', is most likely packed.
> git config --get commit.template
> git check-ignore -v -z --stdin
> git show --textconv :app/templates/index.html
> git ls-files --stage -- /home/maharajamihir/Projects/BoozeUp-API/app/templates/index.html
> git cat-file -s 985880603c0279ff69901763781375d622f28311
> git status -z -u
> git symbolic-ref --short HEAD
> git for-each-ref --format=%(refname)%00%(upstream:short)%00%(objectname)%00%(upstream:track) refs/heads/main refs/remotes/main
> git for-each-ref --sort -committerdate --format %(refname) %(objectname) %(*objectname)
> git remote --verbose
Warning: Failed to watch ref '/home/maharajamihir/Projects/BoozeUp-API/.git/refs/remotes/origin/main', is most likely packed.
> git config --get commit.template
> git show --textconv :app/main.py
> git ls-files --stage -- /home/maharajamihir/Projects/BoozeUp-API/app/main.py
> git cat-file -s d7298f3d33930d83ef5b85fb62c261a9ed632987
> git status -z -u
> git symbolic-ref --short HEAD
> git for-each-ref --format=%(refname)%00%(upstream:short)%00%(objectname)%00%(upstream:track) refs/heads/main refs/remotes/main
> git for-each-ref --sort -committerdate --format %(refname) %(objectname) %(*objectname)
> git remote --verbose
Warning: Failed to watch ref '/home/maharajamihir/Projects/BoozeUp-API/.git/refs/remotes/origin/main', is most likely packed.
> git config --get commit.template
> git status -z -u
> git symbolic-ref --short HEAD
> git for-each-ref --format=%(refname)%00%(upstream:short)%00%(objectname)%00%(upstream:track) refs/heads/main refs/remotes/main
> git for-each-ref --sort -committerdate --format %(refname) %(objectname) %(*objectname)
> git remote --verbose
Warning: Failed to watch ref '/home/maharajamihir/Projects/BoozeUp-API/.git/refs/remotes/origin/main', is most likely packed.
> git config --get commit.template
> git status -z -u
> git symbolic-ref --short HEAD
> git for-each-ref --format=%(refname)%00%(upstream:short)%00%(objectname)%00%(upstream:track) refs/heads/main refs/remotes/main
> git for-each-ref --sort -committerdate --format %(refname) %(objectname) %(*objectname)
> git remote --verbose
Warning: Failed to watch ref '/home/maharajamihir/Projects/BoozeUp-API/.git/refs/remotes/origin/main', is most likely packed.
> git config --get commit.template
> git status -z -u
> git symbolic-ref --short HEAD
> git for-each-ref --format=%(refname)%00%(upstream:short)%00%(objectname)%00%(upstream:track) refs/heads/main refs/remotes/main
> git for-each-ref --sort -committerdate --format %(refname) %(objectname) %(*objectname)
> git remote --verbose
Warning: Failed to watch ref '/home/maharajamihir/Projects/BoozeUp-API/.git/refs/remotes/origin/main', is most likely packed.
> git config --get commit.template
> git show --textconv :Procfile
> git ls-files --stage -- /home/maharajamihir/Projects/BoozeUp-API/Procfile
> git cat-file -s 935b51ba6e8ef55957dc4c1aab19f93a44b06e84
> git show --textconv :requirements.txt
> git ls-files --stage -- /home/maharajamihir/Projects/BoozeUp-API/requirements.txt
> git cat-file -s 5c44df161c576d3b51cf084dcec13395ff9e46db
> git show --textconv :app/main.py
> git ls-files --stage -- /home/maharajamihir/Projects/BoozeUp-API/app/main.py
> git cat-file -s d7298f3d33930d83ef5b85fb62c261a9ed632987
> git show --textconv :app/templates/index.html
> git ls-files --stage -- /home/maharajamihir/Projects/BoozeUp-API/app/templates/index.html
> git cat-file -s 985880603c0279ff69901763781375d622f28311
> git show --textconv :app/main.py
> git ls-files --stage -- /home/maharajamihir/Projects/BoozeUp-API/app/main.py
> git cat-file -s d7298f3d33930d83ef5b85fb62c261a9ed632987
> git status -z -u
> git symbolic-ref --short HEAD
> git for-each-ref --format=%(refname)%00%(upstream:short)%00%(objectname)%00%(upstream:track) refs/heads/main refs/remotes/main
> git for-each-ref --sort -committerdate --format %(refname) %(objectname) %(*objectname)
> git remote --verbose
Warning: Failed to watch ref '/home/maharajamihir/Projects/BoozeUp-API/.git/refs/remotes/origin/main', is most likely packed.
> git config --get commit.template
> git ls-files --stage -- /home/maharajamihir/Projects/BoozeUp-API/app/main.py
> git cat-file -s fd76bde5ae9a2528191c018b31279f012069f62d
> git show --textconv :app/main.py
> git status -z -u
> git symbolic-ref --short HEAD
> git for-each-ref --format=%(refname)%00%(upstream:short)%00%(objectname)%00%(upstream:track) refs/heads/main refs/remotes/main
> git for-each-ref --sort -committerdate --format %(refname) %(objectname) %(*objectname)
> git remote --verbose
Warning: Failed to watch ref '/home/maharajamihir/Projects/BoozeUp-API/.git/refs/remotes/origin/main', is most likely packed.
> git config --get commit.template
> git status -z -u
> git symbolic-ref --short HEAD
> git for-each-ref --format=%(refname)%00%(upstream:short)%00%(objectname)%00%(upstream:track) refs/heads/main refs/remotes/main
> git for-each-ref --sort -committerdate --format %(refname) %(objectname) %(*objectname)
> git remote --verbose
> git config --get commit.template
> git ls-files --stage -- /home/maharajamihir/Projects/BoozeUp-API/app/main.py
> git cat-file -s fd76bde5ae9a2528191c018b31279f012069f62d
> git show --textconv :app/main.py
> git status -z -u
> git symbolic-ref --short HEAD
> git for-each-ref --format=%(refname)%00%(upstream:short)%00%(objectname)%00%(upstream:track) refs/heads/main refs/remotes/main
> git for-each-ref --sort -committerdate --format %(refname) %(objectname) %(*objectname)
> git remote --verbose
> git config --get commit.template
> git log --format=%H%n%aN%n%aE%n%at%n%ct%n%P%n%B -z -n21 -- /home/maharajamihir/Projects/BoozeUp-API/app/main.py
> git show --textconv :fetch_data.py
> git ls-files --stage -- /home/maharajamihir/Projects/BoozeUp-API/fetch_data.py
> git cat-file -s 62a4ac6726854a1d00ad179cb6aa4f4bc0334bf8
> git show --textconv :app/main.py
> git ls-files --stage -- /home/maharajamihir/Projects/BoozeUp-API/app/main.py
> git cat-file -s fd76bde5ae9a2528191c018b31279f012069f62d
> git status -z -u
> git symbolic-ref --short HEAD
> git for-each-ref --format=%(refname)%00%(upstream:short)%00%(objectname)%00%(upstream:track) refs/heads/main refs/remotes/main
> git for-each-ref --sort -committerdate --format %(refname) %(objectname) %(*objectname)
> git remote --verbose
> git config --get commit.template
> git show --textconv :fetch_data.py
> git ls-files --stage -- /home/maharajamihir/Projects/BoozeUp-API/fetch_data.py
> git cat-file -s 62a4ac6726854a1d00ad179cb6aa4f4bc0334bf8
> git status -z -u
> git symbolic-ref --short HEAD
> git for-each-ref --format=%(refname)%00%(upstream:short)%00%(objectname)%00%(upstream:track) refs/heads/main refs/remotes/main
> git for-each-ref --sort -committerdate --format %(refname) %(objectname) %(*objectname)
> git remote --verbose
> git config --get commit.template
> git status -z -u
> git symbolic-ref --short HEAD
> git for-each-ref --format=%(refname)%00%(upstream:short)%00%(objectname)%00%(upstream:track) refs/heads/main refs/remotes/main
> git for-each-ref --sort -committerdate --format %(refname) %(objectname) %(*objectname)
> git remote --verbose
> git config --get commit.template
> git status -z -u
> git symbolic-ref --short HEAD
> git for-each-ref --format=%(refname)%00%(upstream:short)%00%(objectname)%00%(upstream:track) refs/heads/main refs/remotes/main
> git for-each-ref --sort -committerdate --format %(refname) %(objectname) %(*objectname)
> git remote --verbose
> git config --get commit.template
> git status -z -u
> git symbolic-ref --short HEAD
> git for-each-ref --format=%(refname)%00%(upstream:short)%00%(objectname)%00%(upstream:track) refs/heads/main refs/remotes/main
> git for-each-ref --sort -committerdate --format %(refname) %(objectname) %(*objectname)
> git remote --verbose
> git config --get commit.template
> git status -z -u
> git symbolic-ref --short HEAD
> git for-each-ref --format=%(refname)%00%(upstream:short)%00%(objectname)%00%(upstream:track) refs/heads/main refs/remotes/main
> git for-each-ref --sort -committerdate --format %(refname) %(objectname) %(*objectname)
> git remote --verbose
> git config --get commit.template
> git status -z -u
> git symbolic-ref --short HEAD
> git for-each-ref --format=%(refname)%00%(upstream:short)%00%(objectname)%00%(upstream:track) refs/heads/main refs/remotes/main
> git for-each-ref --sort -committerdate --format %(refname) %(objectname) %(*objectname)
> git remote --verbose
> git config --get commit.template
> git status -z -u
> git symbolic-ref --short HEAD
> git for-each-ref --format=%(refname)%00%(upstream:short)%00%(objectname)%00%(upstream:track) refs/heads/main refs/remotes/main
> git for-each-ref --sort -committerdate --format %(refname) %(objectname) %(*objectname)
> git remote --verbose
> git config --get commit.template
> git status -z -u
> git symbolic-ref --short HEAD
> git for-each-ref --format=%(refname)%00%(upstream:short)%00%(objectname)%00%(upstream:track) refs/heads/main refs/remotes/main
> git for-each-ref --sort -committerdate --format %(refname) %(objectname) %(*objectname)
> git remote --verbose
> git config --get commit.template
> git ls-files --stage -- /home/maharajamihir/Projects/BoozeUp-API/fetch_data.py
> git cat-file -s 945cb266a9d09ebad69cd31fdbccf87b7f5cfc44
> git show --textconv :fetch_data.py
> git status -z -u
> git symbolic-ref --short HEAD
> git for-each-ref --format=%(refname)%00%(upstream:short)%00%(objectname)%00%(upstream:track) refs/heads/main refs/remotes/main
> git for-each-ref --sort -committerdate --format %(refname) %(objectname) %(*objectname)
> git remote --verbose
> git config --get commit.template
> git ls-files --stage -- /home/maharajamihir/Projects/BoozeUp-API/fetch_data.py
> git cat-file -s 945cb266a9d09ebad69cd31fdbccf87b7f5cfc44
> git show --textconv :fetch_data.py
> git status -z -u
> git symbolic-ref --short HEAD
> git for-each-ref --format=%(refname)%00%(upstream:short)%00%(objectname)%00%(upstream:track) refs/heads/main refs/remotes/main
> git for-each-ref --sort -committerdate --format %(refname) %(objectname) %(*objectname)
> git remote --verbose
> git config --get commit.template
> git check-ignore -v -z --stdin
> git show --textconv :#README.md#
> git ls-files --stage -- /home/maharajamihir/Projects/BoozeUp-API/#README.md#
> git show --textconv :fetch_data.py
> git ls-files --stage -- /home/maharajamihir/Projects/BoozeUp-API/fetch_data.py
> git cat-file -s 945cb266a9d09ebad69cd31fdbccf87b7f5cfc44
> git status -z -u
> git symbolic-ref --short HEAD
> git for-each-ref --format=%(refname)%00%(upstream:short)%00%(objectname)%00%(upstream:track) refs/heads/main refs/remotes/main
> git for-each-ref --sort -committerdate --format %(refname) %(objectname) %(*objectname)
> git remote --verbose
> git config --get commit.template
> git show --textconv :README.md
> git ls-files --stage -- /home/maharajamihir/Projects/BoozeUp-API/README.md
> git cat-file -s 6bc887c87fe534593afc991dc3db93a78f28f281
> git show --textconv :DatabaseScripts.md
> git ls-files --stage -- /home/maharajamihir/Projects/BoozeUp-API/DatabaseScripts.md
> git cat-file -s 57feb078dc56f7ecb1a5e5b0c9c081f34c3404d4
> git show --textconv :wsgi.py
> git ls-files --stage -- /home/maharajamihir/Projects/BoozeUp-API/wsgi.py
> git cat-file -s 33a92fa5a7143e1b99e7415c5da29620aea953a2
> git show --textconv :runtime.txt
> git ls-files --stage -- /home/maharajamihir/Projects/BoozeUp-API/runtime.txt
> git cat-file -s 9bff0e00f7c3fe9a944339f290cb9c524e9e25cc
> git show --textconv :requirements.txt
> git ls-files --stage -- /home/maharajamihir/Projects/BoozeUp-API/requirements.txt
> git cat-file -s 5c44df161c576d3b51cf084dcec13395ff9e46db
