Looking for git in: git
Using git 2.33.0 from git
> git rev-parse --git-dir
Open repository: /home/maharajamihir/Projects/BoozeUp-API
> git status -z -u
> git symbolic-ref --short HEAD
> git for-each-ref --format=%(refname)%00%(upstream:short)%00%(objectname)%00%(upstream:track) refs/heads/main refs/remotes/main
> git for-each-ref --sort -committerdate --format %(refname) %(objectname) %(*objectname)
> git remote --verbose
Warning: Failed to watch ref '/home/maharajamihir/Projects/BoozeUp-API/.git/refs/remotes/origin/main', is most likely packed.
> git config --get commit.template
> git check-ignore -v -z --stdin
> git show --textconv :Procfile
> git ls-files --stage -- /home/maharajamihir/Projects/BoozeUp-API/Procfile
> git cat-file -s fc272ab9983257fdf0d496cda6b3b9962aa4c59e
> git show --textconv :fetch_data.py
> git ls-files --stage -- /home/maharajamihir/Projects/BoozeUp-API/fetch_data.py
> git cat-file -s 62a4ac6726854a1d00ad179cb6aa4f4bc0334bf8
> git show --textconv :requirements.txt
> git ls-files --stage -- /home/maharajamihir/Projects/BoozeUp-API/requirements.txt
> git cat-file -s a0c488acd2b59bf0e41760ae7b2861ed4cc48147
> git show --textconv :runtime.txt
> git ls-files --stage -- /home/maharajamihir/Projects/BoozeUp-API/runtime.txt
> git cat-file -s 9bff0e00f7c3fe9a944339f290cb9c524e9e25cc
> git show --textconv :DatabaseScripts.md
> git ls-files --stage -- /home/maharajamihir/Projects/BoozeUp-API/DatabaseScripts.md
> git cat-file -s b8bc03fb2d350f9c582364e53d240a8adbdb8021
> git check-ignore -v -z --stdin
> git status -z -u
> git symbolic-ref --short HEAD
> git for-each-ref --format=%(refname)%00%(upstream:short)%00%(objectname)%00%(upstream:track) refs/heads/main refs/remotes/main
> git for-each-ref --sort -committerdate --format %(refname) %(objectname) %(*objectname)
> git remote --verbose
Warning: Failed to watch ref '/home/maharajamihir/Projects/BoozeUp-API/.git/refs/remotes/origin/main', is most likely packed.
> git config --get commit.template
> git log --format=%H%n%aN%n%aE%n%at%n%ct%n%P%n%B -z -n21 -- /home/maharajamihir/Projects/BoozeUp-API/DatabaseScripts.md
> git check-ignore -v -z --stdin
> git show --textconv :app/main.py
> git ls-files --stage -- /home/maharajamihir/Projects/BoozeUp-API/app/main.py
> git cat-file -s d7298f3d33930d83ef5b85fb62c261a9ed632987
> git log --format=%H%n%aN%n%aE%n%at%n%ct%n%P%n%B -z -n21 -- /home/maharajamihir/Projects/BoozeUp-API/app/main.py
> git show --textconv :DatabaseScripts.md
> git ls-files --stage -- /home/maharajamihir/Projects/BoozeUp-API/DatabaseScripts.md
> git cat-file -s b8bc03fb2d350f9c582364e53d240a8adbdb8021
> git status -z -u
> git symbolic-ref --short HEAD
> git for-each-ref --format=%(refname)%00%(upstream:short)%00%(objectname)%00%(upstream:track) refs/heads/main refs/remotes/main
> git for-each-ref --sort -committerdate --format %(refname) %(objectname) %(*objectname)
> git remote --verbose
Warning: Failed to watch ref '/home/maharajamihir/Projects/BoozeUp-API/.git/refs/remotes/origin/main', is most likely packed.
> git config --get commit.template
