Looking for git in: git
Using git 2.33.0 from git
> git rev-parse --git-dir
Open repository: /home/maharajamihir/Projects/BoozeUp-API
> git status -z -u
> git symbolic-ref --short HEAD
> git for-each-ref --format=%(refname)%00%(upstream:short)%00%(objectname)%00%(upstream:track) refs/heads/main refs/remotes/main
> git check-ignore -v -z --stdin
> git for-each-ref --sort -committerdate --format %(refname) %(objectname) %(*objectname)
> git remote --verbose
> git config --get commit.template
> git show --textconv :DatabaseScripts.md
> git ls-files --stage -- /home/maharajamihir/Projects/BoozeUp-API/DatabaseScripts.md
> git cat-file -s 1290ca10746cde1096a4cdab2e35da05a0270fde
> git status -z -u
> git symbolic-ref --short HEAD
> git for-each-ref --format=%(refname)%00%(upstream:short)%00%(objectname)%00%(upstream:track) refs/heads/main refs/remotes/main
> git for-each-ref --sort -committerdate --format %(refname) %(objectname) %(*objectname)
> git remote --verbose
> git config --get commit.template
> git status -z -u
> git symbolic-ref --short HEAD
> git for-each-ref --format=%(refname)%00%(upstream:short)%00%(objectname)%00%(upstream:track) refs/heads/main refs/remotes/main
> git for-each-ref --sort -committerdate --format %(refname) %(objectname) %(*objectname)
> git remote --verbose
> git config --get commit.template
> git status -z -u
> git symbolic-ref --short HEAD
> git for-each-ref --format=%(refname)%00%(upstream:short)%00%(objectname)%00%(upstream:track) refs/heads/main refs/remotes/main
> git for-each-ref --sort -committerdate --format %(refname) %(objectname) %(*objectname)
> git remote --verbose
> git config --get commit.template
> git status -z -u
> git symbolic-ref --short HEAD
> git for-each-ref --format=%(refname)%00%(upstream:short)%00%(objectname)%00%(upstream:track) refs/heads/main refs/remotes/main
> git for-each-ref --sort -committerdate --format %(refname) %(objectname) %(*objectname)
> git remote --verbose
> git config --get commit.template
> git check-ignore -v -z --stdin
> git check-ignore -v -z --stdin
> git show --textconv :app/fetchDatabase.py
> git ls-files --stage -- /home/maharajamihir/Projects/BoozeUp-API/app/fetchDatabase.py
> git check-ignore -v -z --stdin
> git status -z -u
> git symbolic-ref --short HEAD
> git for-each-ref --format=%(refname)%00%(upstream:short)%00%(objectname)%00%(upstream:track) refs/heads/main refs/remotes/main
> git for-each-ref --sort -committerdate --format %(refname) %(objectname) %(*objectname)
> git remote --verbose
> git config --get commit.template
> git status -z -u
> git symbolic-ref --short HEAD
> git for-each-ref --format=%(refname)%00%(upstream:short)%00%(objectname)%00%(upstream:track) refs/heads/main refs/remotes/main
> git for-each-ref --sort -committerdate --format %(refname) %(objectname) %(*objectname)
> git remote --verbose
> git config --get commit.template
> git status -z -u
> git symbolic-ref --short HEAD
> git for-each-ref --format=%(refname)%00%(upstream:short)%00%(objectname)%00%(upstream:track) refs/heads/main refs/remotes/main
> git for-each-ref --sort -committerdate --format %(refname) %(objectname) %(*objectname)
> git remote --verbose
> git config --get commit.template
> git status -z -u
> git symbolic-ref --short HEAD
> git for-each-ref --format=%(refname)%00%(upstream:short)%00%(objectname)%00%(upstream:track) refs/heads/main refs/remotes/main
> git for-each-ref --sort -committerdate --format %(refname) %(objectname) %(*objectname)
> git remote --verbose
> git config --get commit.template
> git status -z -u
> git symbolic-ref --short HEAD
> git for-each-ref --format=%(refname)%00%(upstream:short)%00%(objectname)%00%(upstream:track) refs/heads/main refs/remotes/main
> git for-each-ref --sort -committerdate --format %(refname) %(objectname) %(*objectname)
> git remote --verbose
> git config --get commit.template
> git status -z -u
> git symbolic-ref --short HEAD
> git for-each-ref --format=%(refname)%00%(upstream:short)%00%(objectname)%00%(upstream:track) refs/heads/main refs/remotes/main
> git for-each-ref --sort -committerdate --format %(refname) %(objectname) %(*objectname)
> git remote --verbose
> git config --get commit.template
> git status -z -u
> git symbolic-ref --short HEAD
> git for-each-ref --format=%(refname)%00%(upstream:short)%00%(objectname)%00%(upstream:track) refs/heads/main refs/remotes/main
> git for-each-ref --sort -committerdate --format %(refname) %(objectname) %(*objectname)
> git remote --verbose
> git config --get commit.template
> git status -z -u
> git symbolic-ref --short HEAD
> git for-each-ref --format=%(refname)%00%(upstream:short)%00%(objectname)%00%(upstream:track) refs/heads/main refs/remotes/main
> git for-each-ref --sort -committerdate --format %(refname) %(objectname) %(*objectname)
> git remote --verbose
> git config --get commit.template
> git status -z -u
> git symbolic-ref --short HEAD
> git for-each-ref --format=%(refname)%00%(upstream:short)%00%(objectname)%00%(upstream:track) refs/heads/main refs/remotes/main
> git for-each-ref --sort -committerdate --format %(refname) %(objectname) %(*objectname)
> git remote --verbose
> git config --get commit.template
> git status -z -u
> git symbolic-ref --short HEAD
> git for-each-ref --format=%(refname)%00%(upstream:short)%00%(objectname)%00%(upstream:track) refs/heads/main refs/remotes/main
> git for-each-ref --sort -committerdate --format %(refname) %(objectname) %(*objectname)
> git remote --verbose
> git config --get commit.template
> git show --textconv :DatabaseScripts.md
> git ls-files --stage -- /home/maharajamihir/Projects/BoozeUp-API/DatabaseScripts.md
> git cat-file -s 1290ca10746cde1096a4cdab2e35da05a0270fde
> git show --textconv :app/fetchDatabase.py
> git ls-files --stage -- /home/maharajamihir/Projects/BoozeUp-API/app/fetchDatabase.py
> git show --textconv :DatabaseScripts.md
> git ls-files --stage -- /home/maharajamihir/Projects/BoozeUp-API/DatabaseScripts.md
> git cat-file -s 1290ca10746cde1096a4cdab2e35da05a0270fde
> git show --textconv :app/fetchDatabase.py
> git ls-files --stage -- /home/maharajamihir/Projects/BoozeUp-API/app/fetchDatabase.py
> git show --textconv :DatabaseScripts.md
> git ls-files --stage -- /home/maharajamihir/Projects/BoozeUp-API/DatabaseScripts.md
> git cat-file -s 1290ca10746cde1096a4cdab2e35da05a0270fde
> git show --textconv :app/fetchDatabase.py
> git ls-files --stage -- /home/maharajamihir/Projects/BoozeUp-API/app/fetchDatabase.py
> git status -z -u
> git symbolic-ref --short HEAD
> git for-each-ref --format=%(refname)%00%(upstream:short)%00%(objectname)%00%(upstream:track) refs/heads/main refs/remotes/main
> git for-each-ref --sort -committerdate --format %(refname) %(objectname) %(*objectname)
> git remote --verbose
> git config --get commit.template
> git status -z -u
> git symbolic-ref --short HEAD
> git for-each-ref --format=%(refname)%00%(upstream:short)%00%(objectname)%00%(upstream:track) refs/heads/main refs/remotes/main
> git for-each-ref --sort -committerdate --format %(refname) %(objectname) %(*objectname)
> git remote --verbose
> git config --get commit.template
> git status -z -u
> git symbolic-ref --short HEAD
> git for-each-ref --format=%(refname)%00%(upstream:short)%00%(objectname)%00%(upstream:track) refs/heads/main refs/remotes/main
> git for-each-ref --sort -committerdate --format %(refname) %(objectname) %(*objectname)
> git remote --verbose
> git config --get commit.template
> git status -z -u
> git symbolic-ref --short HEAD
> git for-each-ref --format=%(refname)%00%(upstream:short)%00%(objectname)%00%(upstream:track) refs/heads/main refs/remotes/main
> git for-each-ref --sort -committerdate --format %(refname) %(objectname) %(*objectname)
> git remote --verbose
> git config --get commit.template
> git status -z -u
> git symbolic-ref --short HEAD
> git for-each-ref --format=%(refname)%00%(upstream:short)%00%(objectname)%00%(upstream:track) refs/heads/main refs/remotes/main
> git for-each-ref --sort -committerdate --format %(refname) %(objectname) %(*objectname)
> git remote --verbose
> git config --get commit.template
> git status -z -u
> git symbolic-ref --short HEAD
> git for-each-ref --format=%(refname)%00%(upstream:short)%00%(objectname)%00%(upstream:track) refs/heads/main refs/remotes/main
> git for-each-ref --sort -committerdate --format %(refname) %(objectname) %(*objectname)
> git remote --verbose
> git config --get commit.template
> git status -z -u
> git symbolic-ref --short HEAD
> git for-each-ref --format=%(refname)%00%(upstream:short)%00%(objectname)%00%(upstream:track) refs/heads/main refs/remotes/main
> git for-each-ref --sort -committerdate --format %(refname) %(objectname) %(*objectname)
> git remote --verbose
> git config --get commit.template
> git show --textconv :DatabaseScripts.md
> git ls-files --stage -- /home/maharajamihir/Projects/BoozeUp-API/DatabaseScripts.md
> git cat-file -s 1290ca10746cde1096a4cdab2e35da05a0270fde
> git show --textconv :app/fetchDatabase.py
> git ls-files --stage -- /home/maharajamihir/Projects/BoozeUp-API/app/fetchDatabase.py
> git status -z -u
> git symbolic-ref --short HEAD
> git for-each-ref --format=%(refname)%00%(upstream:short)%00%(objectname)%00%(upstream:track) refs/heads/main refs/remotes/main
> git for-each-ref --sort -committerdate --format %(refname) %(objectname) %(*objectname)
> git remote --verbose
> git config --get commit.template
> git show --textconv :DatabaseScripts.md
> git ls-files --stage -- /home/maharajamihir/Projects/BoozeUp-API/DatabaseScripts.md
> git cat-file -s 1290ca10746cde1096a4cdab2e35da05a0270fde
> git show --textconv :app/fetchDatabase.py
> git ls-files --stage -- /home/maharajamihir/Projects/BoozeUp-API/app/fetchDatabase.py
> git status -z -u
> git symbolic-ref --short HEAD
> git for-each-ref --format=%(refname)%00%(upstream:short)%00%(objectname)%00%(upstream:track) refs/heads/main refs/remotes/main
> git for-each-ref --sort -committerdate --format %(refname) %(objectname) %(*objectname)
> git remote --verbose
> git config --get commit.template
> git status -z -u
> git symbolic-ref --short HEAD
> git for-each-ref --format=%(refname)%00%(upstream:short)%00%(objectname)%00%(upstream:track) refs/heads/main refs/remotes/main
> git for-each-ref --sort -committerdate --format %(refname) %(objectname) %(*objectname)
> git remote --verbose
> git config --get commit.template
> git status -z -u
> git symbolic-ref --short HEAD
> git for-each-ref --format=%(refname)%00%(upstream:short)%00%(objectname)%00%(upstream:track) refs/heads/main refs/remotes/main
> git for-each-ref --sort -committerdate --format %(refname) %(objectname) %(*objectname)
> git remote --verbose
> git config --get commit.template
> git status -z -u
> git symbolic-ref --short HEAD
> git for-each-ref --format=%(refname)%00%(upstream:short)%00%(objectname)%00%(upstream:track) refs/heads/main refs/remotes/main
> git for-each-ref --sort -committerdate --format %(refname) %(objectname) %(*objectname)
> git remote --verbose
> git config --get commit.template
> git status -z -u
> git symbolic-ref --short HEAD
> git for-each-ref --format=%(refname)%00%(upstream:short)%00%(objectname)%00%(upstream:track) refs/heads/main refs/remotes/main
> git for-each-ref --sort -committerdate --format %(refname) %(objectname) %(*objectname)
> git remote --verbose
> git config --get commit.template
> git status -z -u
> git symbolic-ref --short HEAD
> git for-each-ref --format=%(refname)%00%(upstream:short)%00%(objectname)%00%(upstream:track) refs/heads/main refs/remotes/main
> git for-each-ref --sort -committerdate --format %(refname) %(objectname) %(*objectname)
> git remote --verbose
> git config --get commit.template
> git show --textconv :DatabaseScripts.md
> git ls-files --stage -- /home/maharajamihir/Projects/BoozeUp-API/DatabaseScripts.md
> git cat-file -s 1290ca10746cde1096a4cdab2e35da05a0270fde
> git show --textconv :app/fetchDatabase.py
> git ls-files --stage -- /home/maharajamihir/Projects/BoozeUp-API/app/fetchDatabase.py
> git status -z -u
> git symbolic-ref --short HEAD
> git for-each-ref --format=%(refname)%00%(upstream:short)%00%(objectname)%00%(upstream:track) refs/heads/main refs/remotes/main
> git for-each-ref --sort -committerdate --format %(refname) %(objectname) %(*objectname)
> git remote --verbose
> git config --get commit.template
> git status -z -u
> git symbolic-ref --short HEAD
> git for-each-ref --format=%(refname)%00%(upstream:short)%00%(objectname)%00%(upstream:track) refs/heads/main refs/remotes/main
> git for-each-ref --sort -committerdate --format %(refname) %(objectname) %(*objectname)
> git remote --verbose
> git config --get commit.template
> git status -z -u
> git symbolic-ref --short HEAD
> git for-each-ref --format=%(refname)%00%(upstream:short)%00%(objectname)%00%(upstream:track) refs/heads/main refs/remotes/main
> git for-each-ref --sort -committerdate --format %(refname) %(objectname) %(*objectname)
> git remote --verbose
> git config --get commit.template
> git status -z -u
> git symbolic-ref --short HEAD
> git for-each-ref --format=%(refname)%00%(upstream:short)%00%(objectname)%00%(upstream:track) refs/heads/main refs/remotes/main
> git for-each-ref --sort -committerdate --format %(refname) %(objectname) %(*objectname)
> git remote --verbose
> git config --get commit.template
> git log --format=%H%n%aN%n%aE%n%at%n%ct%n%P%n%B -z -n21 -- /home/maharajamihir/Projects/BoozeUp-API/app/fetchDatabase.py
> git show --textconv :app/main.py
> git ls-files --stage -- /home/maharajamihir/Projects/BoozeUp-API/app/main.py
> git cat-file -s 7e19466874286255e39758f5de91a003982d206b
> git status -z -u
> git symbolic-ref --short HEAD
> git for-each-ref --format=%(refname)%00%(upstream:short)%00%(objectname)%00%(upstream:track) refs/heads/main refs/remotes/main
> git for-each-ref --sort -committerdate --format %(refname) %(objectname) %(*objectname)
> git remote --verbose
> git config --get commit.template
> git check-ignore -v -z --stdin
> git show --textconv :app/templates/app.html
> git ls-files --stage -- /home/maharajamihir/Projects/BoozeUp-API/app/templates/app.html
> git cat-file -s 761aa8906a2912a54f8bc1ff0aef64479e4bb762
> git status -z -u
> git symbolic-ref --short HEAD
> git for-each-ref --format=%(refname)%00%(upstream:short)%00%(objectname)%00%(upstream:track) refs/heads/main refs/remotes/main
> git for-each-ref --sort -committerdate --format %(refname) %(objectname) %(*objectname)
> git remote --verbose
> git config --get commit.template
> git show --textconv :app/main.py
> git ls-files --stage -- /home/maharajamihir/Projects/BoozeUp-API/app/main.py
> git cat-file -s 7e19466874286255e39758f5de91a003982d206b
> git show --textconv :app/templates/app.html
> git ls-files --stage -- /home/maharajamihir/Projects/BoozeUp-API/app/templates/app.html
> git cat-file -s 761aa8906a2912a54f8bc1ff0aef64479e4bb762
> git show --textconv :app/templates/index.html
> git ls-files --stage -- /home/maharajamihir/Projects/BoozeUp-API/app/templates/index.html
> git cat-file -s a02442f0af1e22757f365474b53b6f6a3eca31cd
> git show --textconv :app/main.py
> git ls-files --stage -- /home/maharajamihir/Projects/BoozeUp-API/app/main.py
> git cat-file -s 7e19466874286255e39758f5de91a003982d206b
> git show --textconv :app/fetchDatabase.py
> git ls-files --stage -- /home/maharajamihir/Projects/BoozeUp-API/app/fetchDatabase.py
> git show --textconv :app/main.py
> git ls-files --stage -- /home/maharajamihir/Projects/BoozeUp-API/app/main.py
> git cat-file -s 7e19466874286255e39758f5de91a003982d206b
> git show --textconv :DatabaseScripts.md
> git ls-files --stage -- /home/maharajamihir/Projects/BoozeUp-API/DatabaseScripts.md
> git cat-file -s 1290ca10746cde1096a4cdab2e35da05a0270fde
> git show --textconv :app/fetchDatabase.py
> git ls-files --stage -- /home/maharajamihir/Projects/BoozeUp-API/app/fetchDatabase.py
> git show --textconv :DatabaseScripts.md
> git ls-files --stage -- /home/maharajamihir/Projects/BoozeUp-API/DatabaseScripts.md
> git cat-file -s 1290ca10746cde1096a4cdab2e35da05a0270fde
> git show --textconv :app/main.py
> git ls-files --stage -- /home/maharajamihir/Projects/BoozeUp-API/app/main.py
> git cat-file -s 7e19466874286255e39758f5de91a003982d206b
> git show --textconv :app/fetchDatabase.py
> git ls-files --stage -- /home/maharajamihir/Projects/BoozeUp-API/app/fetchDatabase.py
> git show --textconv :app/main.py
> git ls-files --stage -- /home/maharajamihir/Projects/BoozeUp-API/app/main.py
> git cat-file -s 7e19466874286255e39758f5de91a003982d206b
> git show --textconv :app/fetchDatabase.py
> git ls-files --stage -- /home/maharajamihir/Projects/BoozeUp-API/app/fetchDatabase.py
> git show --textconv :app/main.py
> git ls-files --stage -- /home/maharajamihir/Projects/BoozeUp-API/app/main.py
> git cat-file -s 7e19466874286255e39758f5de91a003982d206b
> git show --textconv :app/fetchDatabase.py
> git ls-files --stage -- /home/maharajamihir/Projects/BoozeUp-API/app/fetchDatabase.py
> git show --textconv :app/main.py
> git ls-files --stage -- /home/maharajamihir/Projects/BoozeUp-API/app/main.py
> git cat-file -s 7e19466874286255e39758f5de91a003982d206b
> git show --textconv :app/fetchDatabase.py
> git ls-files --stage -- /home/maharajamihir/Projects/BoozeUp-API/app/fetchDatabase.py
> git show --textconv :wsgi.py
> git ls-files --stage -- /home/maharajamihir/Projects/BoozeUp-API/wsgi.py
> git cat-file -s 33a92fa5a7143e1b99e7415c5da29620aea953a2
> git show --textconv :app/main.py
> git ls-files --stage -- /home/maharajamihir/Projects/BoozeUp-API/app/main.py
> git cat-file -s 7e19466874286255e39758f5de91a003982d206b
> git status -z -u
> git symbolic-ref --short HEAD
> git for-each-ref --format=%(refname)%00%(upstream:short)%00%(objectname)%00%(upstream:track) refs/heads/main refs/remotes/main
> git for-each-ref --sort -committerdate --format %(refname) %(objectname) %(*objectname)
> git remote --verbose
> git config --get commit.template
> git status -z -u
> git symbolic-ref --short HEAD
> git for-each-ref --format=%(refname)%00%(upstream:short)%00%(objectname)%00%(upstream:track) refs/heads/main refs/remotes/main
> git for-each-ref --sort -committerdate --format %(refname) %(objectname) %(*objectname)
> git remote --verbose
> git config --get commit.template
> git show --textconv :app/fetchDatabase.py
> git ls-files --stage -- /home/maharajamihir/Projects/BoozeUp-API/app/fetchDatabase.py
> git show --textconv :app/main.py
> git ls-files --stage -- /home/maharajamihir/Projects/BoozeUp-API/app/main.py
> git cat-file -s 7e19466874286255e39758f5de91a003982d206b
> git show --textconv :app/fetchDatabase.py
> git ls-files --stage -- /home/maharajamihir/Projects/BoozeUp-API/app/fetchDatabase.py
> git show --textconv :app/fetch_data.py
> git ls-files --stage -- /home/maharajamihir/Projects/BoozeUp-API/app/fetch_data.py
> git check-ignore -v -z --stdin
> git status -z -u
> git symbolic-ref --short HEAD
> git for-each-ref --format=%(refname)%00%(upstream:short)%00%(objectname)%00%(upstream:track) refs/heads/main refs/remotes/main
> git for-each-ref --sort -committerdate --format %(refname) %(objectname) %(*objectname)
> git remote --verbose
> git config --get commit.template
> git show --textconv :app/main.py
> git ls-files --stage -- /home/maharajamihir/Projects/BoozeUp-API/app/main.py
> git cat-file -s 7e19466874286255e39758f5de91a003982d206b
> git status -z -u
> git symbolic-ref --short HEAD
> git for-each-ref --format=%(refname)%00%(upstream:short)%00%(objectname)%00%(upstream:track) refs/heads/main refs/remotes/main
> git for-each-ref --sort -committerdate --format %(refname) %(objectname) %(*objectname)
> git remote --verbose
> git config --get commit.template
> git status -z -u
> git symbolic-ref --short HEAD
> git for-each-ref --format=%(refname)%00%(upstream:short)%00%(objectname)%00%(upstream:track) refs/heads/main refs/remotes/main
> git for-each-ref --sort -committerdate --format %(refname) %(objectname) %(*objectname)
> git remote --verbose
> git config --get commit.template
> git show --textconv :app/fetch_data.py
> git ls-files --stage -- /home/maharajamihir/Projects/BoozeUp-API/app/fetch_data.py
> git show --textconv :fetch_data.py
> git ls-files --stage -- /home/maharajamihir/Projects/BoozeUp-API/fetch_data.py
> git check-ignore -v -z --stdin
> git status -z -u
> git symbolic-ref --short HEAD
> git for-each-ref --format=%(refname)%00%(upstream:short)%00%(objectname)%00%(upstream:track) refs/heads/main refs/remotes/main
> git for-each-ref --sort -committerdate --format %(refname) %(objectname) %(*objectname)
> git remote --verbose
> git config --get commit.template
> git status -z -u
> git symbolic-ref --short HEAD
> git for-each-ref --format=%(refname)%00%(upstream:short)%00%(objectname)%00%(upstream:track) refs/heads/main refs/remotes/main
> git for-each-ref --sort -committerdate --format %(refname) %(objectname) %(*objectname)
> git remote --verbose
> git config --get commit.template
> git status -z -u
> git symbolic-ref --short HEAD
> git for-each-ref --format=%(refname)%00%(upstream:short)%00%(objectname)%00%(upstream:track) refs/heads/main refs/remotes/main
> git for-each-ref --sort -committerdate --format %(refname) %(objectname) %(*objectname)
> git remote --verbose
> git config --get commit.template
> git status -z -u
> git symbolic-ref --short HEAD
> git for-each-ref --format=%(refname)%00%(upstream:short)%00%(objectname)%00%(upstream:track) refs/heads/main refs/remotes/main
> git for-each-ref --sort -committerdate --format %(refname) %(objectname) %(*objectname)
> git remote --verbose
> git config --get commit.template
> git show --textconv :app/main.py
> git ls-files --stage -- /home/maharajamihir/Projects/BoozeUp-API/app/main.py
> git cat-file -s 7e19466874286255e39758f5de91a003982d206b
> git show --textconv :fetch_data.py
> git ls-files --stage -- /home/maharajamihir/Projects/BoozeUp-API/fetch_data.py
> git show --textconv :app/main.py
> git ls-files --stage -- /home/maharajamihir/Projects/BoozeUp-API/app/main.py
> git cat-file -s 7e19466874286255e39758f5de91a003982d206b
> git status -z -u
> git symbolic-ref --short HEAD
> git for-each-ref --format=%(refname)%00%(upstream:short)%00%(objectname)%00%(upstream:track) refs/heads/main refs/remotes/main
> git for-each-ref --sort -committerdate --format %(refname) %(objectname) %(*objectname)
> git remote --verbose
> git config --get commit.template
> git show --textconv :app/templates/make-offer.html
> git ls-files --stage -- /home/maharajamihir/Projects/BoozeUp-API/app/templates/make-offer.html
> git cat-file -s 826d851246951d14b2bd5d29ce8f0232ead8b075
> git show --textconv :app/main.py
> git ls-files --stage -- /home/maharajamihir/Projects/BoozeUp-API/app/main.py
> git cat-file -s 7e19466874286255e39758f5de91a003982d206b
> git show --textconv :app/templates/make-offer.html
> git ls-files --stage -- /home/maharajamihir/Projects/BoozeUp-API/app/templates/make-offer.html
> git cat-file -s 826d851246951d14b2bd5d29ce8f0232ead8b075
> git show --textconv :app/main.py
> git ls-files --stage -- /home/maharajamihir/Projects/BoozeUp-API/app/main.py
> git cat-file -s 7e19466874286255e39758f5de91a003982d206b
> git show --textconv :app/templates/make-offer.html
> git ls-files --stage -- /home/maharajamihir/Projects/BoozeUp-API/app/templates/make-offer.html
> git cat-file -s 826d851246951d14b2bd5d29ce8f0232ead8b075
> git status -z -u
> git symbolic-ref --short HEAD
> git for-each-ref --format=%(refname)%00%(upstream:short)%00%(objectname)%00%(upstream:track) refs/heads/main refs/remotes/main
> git for-each-ref --sort -committerdate --format %(refname) %(objectname) %(*objectname)
> git remote --verbose
> git config --get commit.template
> git show --textconv :app/main.py
> git ls-files --stage -- /home/maharajamihir/Projects/BoozeUp-API/app/main.py
> git cat-file -s 7e19466874286255e39758f5de91a003982d206b
> git status -z -u
> git symbolic-ref --short HEAD
> git for-each-ref --format=%(refname)%00%(upstream:short)%00%(objectname)%00%(upstream:track) refs/heads/main refs/remotes/main
> git for-each-ref --sort -committerdate --format %(refname) %(objectname) %(*objectname)
> git remote --verbose
> git config --get commit.template
> git show --textconv :fetch_data.py
> git ls-files --stage -- /home/maharajamihir/Projects/BoozeUp-API/fetch_data.py
> git status -z -u
> git symbolic-ref --short HEAD
> git for-each-ref --format=%(refname)%00%(upstream:short)%00%(objectname)%00%(upstream:track) refs/heads/main refs/remotes/main
> git for-each-ref --sort -committerdate --format %(refname) %(objectname) %(*objectname)
> git remote --verbose
> git config --get commit.template
> git show --textconv :DatabaseScripts.md
> git ls-files --stage -- /home/maharajamihir/Projects/BoozeUp-API/DatabaseScripts.md
> git cat-file -s 1290ca10746cde1096a4cdab2e35da05a0270fde
> git show --textconv :app/templates/make-offer.html
> git ls-files --stage -- /home/maharajamihir/Projects/BoozeUp-API/app/templates/make-offer.html
> git cat-file -s 826d851246951d14b2bd5d29ce8f0232ead8b075
> git show --textconv :fetch_data.py
> git ls-files --stage -- /home/maharajamihir/Projects/BoozeUp-API/fetch_data.py
> git show --textconv :DatabaseScripts.md
> git ls-files --stage -- /home/maharajamihir/Projects/BoozeUp-API/DatabaseScripts.md
> git cat-file -s 1290ca10746cde1096a4cdab2e35da05a0270fde
> git show --textconv :fetch_data.py
> git ls-files --stage -- /home/maharajamihir/Projects/BoozeUp-API/fetch_data.py
> git status -z -u
> git symbolic-ref --short HEAD
> git for-each-ref --format=%(refname)%00%(upstream:short)%00%(objectname)%00%(upstream:track) refs/heads/main refs/remotes/main
> git for-each-ref --sort -committerdate --format %(refname) %(objectname) %(*objectname)
> git remote --verbose
> git config --get commit.template
> git show --textconv :app/templates/make-offer.html
> git ls-files --stage -- /home/maharajamihir/Projects/BoozeUp-API/app/templates/make-offer.html
> git cat-file -s 826d851246951d14b2bd5d29ce8f0232ead8b075
> git show --textconv :fetch_data.py
> git ls-files --stage -- /home/maharajamihir/Projects/BoozeUp-API/fetch_data.py
> git show --textconv :app/main.py
> git ls-files --stage -- /home/maharajamihir/Projects/BoozeUp-API/app/main.py
> git cat-file -s 7e19466874286255e39758f5de91a003982d206b
> git status -z -u
> git symbolic-ref --short HEAD
> git for-each-ref --format=%(refname)%00%(upstream:short)%00%(objectname)%00%(upstream:track) refs/heads/main refs/remotes/main
> git for-each-ref --sort -committerdate --format %(refname) %(objectname) %(*objectname)
> git remote --verbose
> git config --get commit.template
> git show --textconv :app/templates/make-offer.html
> git ls-files --stage -- /home/maharajamihir/Projects/BoozeUp-API/app/templates/make-offer.html
> git cat-file -s 826d851246951d14b2bd5d29ce8f0232ead8b075
> git show --textconv :fetch_data.py
> git ls-files --stage -- /home/maharajamihir/Projects/BoozeUp-API/fetch_data.py
> git status -z -u
> git symbolic-ref --short HEAD
> git for-each-ref --format=%(refname)%00%(upstream:short)%00%(objectname)%00%(upstream:track) refs/heads/main refs/remotes/main
> git for-each-ref --sort -committerdate --format %(refname) %(objectname) %(*objectname)
> git remote --verbose
> git config --get commit.template
> git status -z -u
> git symbolic-ref --short HEAD
> git for-each-ref --format=%(refname)%00%(upstream:short)%00%(objectname)%00%(upstream:track) refs/heads/main refs/remotes/main
> git for-each-ref --sort -committerdate --format %(refname) %(objectname) %(*objectname)
> git remote --verbose
> git config --get commit.template
> git show --textconv :DatabaseScripts.md
> git ls-files --stage -- /home/maharajamihir/Projects/BoozeUp-API/DatabaseScripts.md
> git cat-file -s 1290ca10746cde1096a4cdab2e35da05a0270fde
> git show --textconv :fetch_data.py
> git ls-files --stage -- /home/maharajamihir/Projects/BoozeUp-API/fetch_data.py
> git show --textconv :DatabaseScripts.md
> git ls-files --stage -- /home/maharajamihir/Projects/BoozeUp-API/DatabaseScripts.md
> git cat-file -s 1290ca10746cde1096a4cdab2e35da05a0270fde
> git show --textconv :fetch_data.py
> git ls-files --stage -- /home/maharajamihir/Projects/BoozeUp-API/fetch_data.py
> git status -z -u
> git symbolic-ref --short HEAD
> git for-each-ref --format=%(refname)%00%(upstream:short)%00%(objectname)%00%(upstream:track) refs/heads/main refs/remotes/main
> git for-each-ref --sort -committerdate --format %(refname) %(objectname) %(*objectname)
> git remote --verbose
> git config --get commit.template
> git status -z -u
> git symbolic-ref --short HEAD
> git for-each-ref --format=%(refname)%00%(upstream:short)%00%(objectname)%00%(upstream:track) refs/heads/main refs/remotes/main
> git for-each-ref --sort -committerdate --format %(refname) %(objectname) %(*objectname)
> git remote --verbose
> git config --get commit.template
> git status -z -u
> git symbolic-ref --short HEAD
> git for-each-ref --format=%(refname)%00%(upstream:short)%00%(objectname)%00%(upstream:track) refs/heads/main refs/remotes/main
> git for-each-ref --sort -committerdate --format %(refname) %(objectname) %(*objectname)
> git remote --verbose
> git config --get commit.template
> git status -z -u
> git symbolic-ref --short HEAD
> git for-each-ref --format=%(refname)%00%(upstream:short)%00%(objectname)%00%(upstream:track) refs/heads/main refs/remotes/main
> git for-each-ref --sort -committerdate --format %(refname) %(objectname) %(*objectname)
> git remote --verbose
> git config --get commit.template
> git status -z -u
> git symbolic-ref --short HEAD
> git for-each-ref --format=%(refname)%00%(upstream:short)%00%(objectname)%00%(upstream:track) refs/heads/main refs/remotes/main
> git for-each-ref --sort -committerdate --format %(refname) %(objectname) %(*objectname)
> git remote --verbose
> git config --get commit.template
> git status -z -u
> git symbolic-ref --short HEAD
> git for-each-ref --format=%(refname)%00%(upstream:short)%00%(objectname)%00%(upstream:track) refs/heads/main refs/remotes/main
> git for-each-ref --sort -committerdate --format %(refname) %(objectname) %(*objectname)
> git remote --verbose
> git config --get commit.template
> git status -z -u
> git symbolic-ref --short HEAD
> git for-each-ref --format=%(refname)%00%(upstream:short)%00%(objectname)%00%(upstream:track) refs/heads/main refs/remotes/main
> git for-each-ref --sort -committerdate --format %(refname) %(objectname) %(*objectname)
> git remote --verbose
> git config --get commit.template
> git status -z -u
> git symbolic-ref --short HEAD
> git for-each-ref --format=%(refname)%00%(upstream:short)%00%(objectname)%00%(upstream:track) refs/heads/main refs/remotes/main
> git for-each-ref --sort -committerdate --format %(refname) %(objectname) %(*objectname)
> git remote --verbose
> git config --get commit.template
> git status -z -u
> git symbolic-ref --short HEAD
> git for-each-ref --format=%(refname)%00%(upstream:short)%00%(objectname)%00%(upstream:track) refs/heads/main refs/remotes/main
> git for-each-ref --sort -committerdate --format %(refname) %(objectname) %(*objectname)
> git remote --verbose
> git config --get commit.template
> git status -z -u
> git symbolic-ref --short HEAD
> git for-each-ref --format=%(refname)%00%(upstream:short)%00%(objectname)%00%(upstream:track) refs/heads/main refs/remotes/main
> git for-each-ref --sort -committerdate --format %(refname) %(objectname) %(*objectname)
> git remote --verbose
> git config --get commit.template
> git status -z -u
> git symbolic-ref --short HEAD
> git for-each-ref --format=%(refname)%00%(upstream:short)%00%(objectname)%00%(upstream:track) refs/heads/main refs/remotes/main
> git for-each-ref --sort -committerdate --format %(refname) %(objectname) %(*objectname)
> git remote --verbose
> git config --get commit.template
> git status -z -u
> git symbolic-ref --short HEAD
> git for-each-ref --format=%(refname)%00%(upstream:short)%00%(objectname)%00%(upstream:track) refs/heads/main refs/remotes/main
> git for-each-ref --sort -committerdate --format %(refname) %(objectname) %(*objectname)
> git remote --verbose
> git config --get commit.template
> git show --textconv :app/templates/make-offer.html
> git ls-files --stage -- /home/maharajamihir/Projects/BoozeUp-API/app/templates/make-offer.html
> git cat-file -s 826d851246951d14b2bd5d29ce8f0232ead8b075
> git show --textconv :app/main.py
> git ls-files --stage -- /home/maharajamihir/Projects/BoozeUp-API/app/main.py
> git cat-file -s 7e19466874286255e39758f5de91a003982d206b
> git show --textconv :fetch_data.py
> git ls-files --stage -- /home/maharajamihir/Projects/BoozeUp-API/fetch_data.py
> git status -z -u
> git symbolic-ref --short HEAD
> git for-each-ref --format=%(refname)%00%(upstream:short)%00%(objectname)%00%(upstream:track) refs/heads/main refs/remotes/main
> git for-each-ref --sort -committerdate --format %(refname) %(objectname) %(*objectname)
> git remote --verbose
> git config --get commit.template
> git status -z -u
> git symbolic-ref --short HEAD
> git for-each-ref --format=%(refname)%00%(upstream:short)%00%(objectname)%00%(upstream:track) refs/heads/main refs/remotes/main
> git for-each-ref --sort -committerdate --format %(refname) %(objectname) %(*objectname)
> git remote --verbose
> git config --get commit.template
> git status -z -u
> git symbolic-ref --short HEAD
> git for-each-ref --format=%(refname)%00%(upstream:short)%00%(objectname)%00%(upstream:track) refs/heads/main refs/remotes/main
> git for-each-ref --sort -committerdate --format %(refname) %(objectname) %(*objectname)
> git remote --verbose
> git config --get commit.template
> git show --textconv :app/main.py
> git ls-files --stage -- /home/maharajamihir/Projects/BoozeUp-API/app/main.py
> git cat-file -s 7e19466874286255e39758f5de91a003982d206b
> git status -z -u
> git symbolic-ref --short HEAD
> git for-each-ref --format=%(refname)%00%(upstream:short)%00%(objectname)%00%(upstream:track) refs/heads/main refs/remotes/main
> git for-each-ref --sort -committerdate --format %(refname) %(objectname) %(*objectname)
> git remote --verbose
> git config --get commit.template
> git status -z -u
> git symbolic-ref --short HEAD
> git for-each-ref --format=%(refname)%00%(upstream:short)%00%(objectname)%00%(upstream:track) refs/heads/main refs/remotes/main
> git for-each-ref --sort -committerdate --format %(refname) %(objectname) %(*objectname)
> git remote --verbose
> git config --get commit.template
> git status -z -u
> git symbolic-ref --short HEAD
> git for-each-ref --format=%(refname)%00%(upstream:short)%00%(objectname)%00%(upstream:track) refs/heads/main refs/remotes/main
> git for-each-ref --sort -committerdate --format %(refname) %(objectname) %(*objectname)
> git remote --verbose
> git config --get commit.template
> git status -z -u
> git symbolic-ref --short HEAD
> git for-each-ref --format=%(refname)%00%(upstream:short)%00%(objectname)%00%(upstream:track) refs/heads/main refs/remotes/main
> git for-each-ref --sort -committerdate --format %(refname) %(objectname) %(*objectname)
> git remote --verbose
> git config --get commit.template
> git show --textconv :app/templates/make-offer.html
> git ls-files --stage -- /home/maharajamihir/Projects/BoozeUp-API/app/templates/make-offer.html
> git cat-file -s 826d851246951d14b2bd5d29ce8f0232ead8b075
> git show --textconv :app/main.py
> git ls-files --stage -- /home/maharajamihir/Projects/BoozeUp-API/app/main.py
> git cat-file -s 7e19466874286255e39758f5de91a003982d206b
> git show --textconv :DatabaseScripts.md
> git ls-files --stage -- /home/maharajamihir/Projects/BoozeUp-API/DatabaseScripts.md
> git cat-file -s 1290ca10746cde1096a4cdab2e35da05a0270fde
> git show --textconv :app/templates/make-offer.html
> git ls-files --stage -- /home/maharajamihir/Projects/BoozeUp-API/app/templates/make-offer.html
> git cat-file -s 826d851246951d14b2bd5d29ce8f0232ead8b075
> git show --textconv :fetch_data.py
> git ls-files --stage -- /home/maharajamihir/Projects/BoozeUp-API/fetch_data.py
> git status -z -u
> git symbolic-ref --short HEAD
> git for-each-ref --format=%(refname)%00%(upstream:short)%00%(objectname)%00%(upstream:track) refs/heads/main refs/remotes/main
> git for-each-ref --sort -committerdate --format %(refname) %(objectname) %(*objectname)
> git remote --verbose
> git config --get commit.template
> git status -z -u
> git symbolic-ref --short HEAD
> git for-each-ref --format=%(refname)%00%(upstream:short)%00%(objectname)%00%(upstream:track) refs/heads/main refs/remotes/main
> git for-each-ref --sort -committerdate --format %(refname) %(objectname) %(*objectname)
> git remote --verbose
> git config --get commit.template
> git status -z -u
> git symbolic-ref --short HEAD
> git for-each-ref --format=%(refname)%00%(upstream:short)%00%(objectname)%00%(upstream:track) refs/heads/main refs/remotes/main
> git for-each-ref --sort -committerdate --format %(refname) %(objectname) %(*objectname)
> git remote --verbose
> git config --get commit.template
> git status -z -u
> git symbolic-ref --short HEAD
> git for-each-ref --format=%(refname)%00%(upstream:short)%00%(objectname)%00%(upstream:track) refs/heads/main refs/remotes/main
> git for-each-ref --sort -committerdate --format %(refname) %(objectname) %(*objectname)
> git remote --verbose
> git config --get commit.template
> git status -z -u
> git symbolic-ref --short HEAD
> git for-each-ref --format=%(refname)%00%(upstream:short)%00%(objectname)%00%(upstream:track) refs/heads/main refs/remotes/main
> git for-each-ref --sort -committerdate --format %(refname) %(objectname) %(*objectname)
> git remote --verbose
> git config --get commit.template
> git status -z -u
> git symbolic-ref --short HEAD
> git for-each-ref --format=%(refname)%00%(upstream:short)%00%(objectname)%00%(upstream:track) refs/heads/main refs/remotes/main
> git for-each-ref --sort -committerdate --format %(refname) %(objectname) %(*objectname)
> git remote --verbose
> git config --get commit.template
> git status -z -u
> git symbolic-ref --short HEAD
> git for-each-ref --format=%(refname)%00%(upstream:short)%00%(objectname)%00%(upstream:track) refs/heads/main refs/remotes/main
> git for-each-ref --sort -committerdate --format %(refname) %(objectname) %(*objectname)
> git remote --verbose
> git config --get commit.template
> git status -z -u
> git symbolic-ref --short HEAD
> git for-each-ref --format=%(refname)%00%(upstream:short)%00%(objectname)%00%(upstream:track) refs/heads/main refs/remotes/main
> git for-each-ref --sort -committerdate --format %(refname) %(objectname) %(*objectname)
> git remote --verbose
> git config --get commit.template
> git show --textconv :app/templates/make-offer.html
> git ls-files --stage -- /home/maharajamihir/Projects/BoozeUp-API/app/templates/make-offer.html
> git cat-file -s 826d851246951d14b2bd5d29ce8f0232ead8b075
> git show --textconv :app/main.py
> git ls-files --stage -- /home/maharajamihir/Projects/BoozeUp-API/app/main.py
> git cat-file -s 7e19466874286255e39758f5de91a003982d206b
> git show --textconv :app/templates/make-offer.html
> git ls-files --stage -- /home/maharajamihir/Projects/BoozeUp-API/app/templates/make-offer.html
> git cat-file -s 826d851246951d14b2bd5d29ce8f0232ead8b075
> git show --textconv :app/main.py
> git ls-files --stage -- /home/maharajamihir/Projects/BoozeUp-API/app/main.py
> git cat-file -s 7e19466874286255e39758f5de91a003982d206b
> git show --textconv :fetch_data.py
> git ls-files --stage -- /home/maharajamihir/Projects/BoozeUp-API/fetch_data.py
> git status -z -u
> git symbolic-ref --short HEAD
> git for-each-ref --format=%(refname)%00%(upstream:short)%00%(objectname)%00%(upstream:track) refs/heads/main refs/remotes/main
> git for-each-ref --sort -committerdate --format %(refname) %(objectname) %(*objectname)
> git remote --verbose
> git config --get commit.template
> git status -z -u
> git symbolic-ref --short HEAD
> git for-each-ref --format=%(refname)%00%(upstream:short)%00%(objectname)%00%(upstream:track) refs/heads/main refs/remotes/main
> git for-each-ref --sort -committerdate --format %(refname) %(objectname) %(*objectname)
> git remote --verbose
> git config --get commit.template
> git status -z -u
> git symbolic-ref --short HEAD
> git for-each-ref --format=%(refname)%00%(upstream:short)%00%(objectname)%00%(upstream:track) refs/heads/main refs/remotes/main
> git for-each-ref --sort -committerdate --format %(refname) %(objectname) %(*objectname)
> git remote --verbose
> git config --get commit.template
> git status -z -u
> git symbolic-ref --short HEAD
> git for-each-ref --format=%(refname)%00%(upstream:short)%00%(objectname)%00%(upstream:track) refs/heads/main refs/remotes/main
> git for-each-ref --sort -committerdate --format %(refname) %(objectname) %(*objectname)
> git remote --verbose
> git config --get commit.template
> git status -z -u
> git symbolic-ref --short HEAD
> git for-each-ref --format=%(refname)%00%(upstream:short)%00%(objectname)%00%(upstream:track) refs/heads/main refs/remotes/main
> git for-each-ref --sort -committerdate --format %(refname) %(objectname) %(*objectname)
> git remote --verbose
> git config --get commit.template
> git status -z -u
> git symbolic-ref --short HEAD
> git for-each-ref --format=%(refname)%00%(upstream:short)%00%(objectname)%00%(upstream:track) refs/heads/main refs/remotes/main
> git for-each-ref --sort -committerdate --format %(refname) %(objectname) %(*objectname)
> git remote --verbose
> git config --get commit.template
> git status -z -u
> git symbolic-ref --short HEAD
> git for-each-ref --format=%(refname)%00%(upstream:short)%00%(objectname)%00%(upstream:track) refs/heads/main refs/remotes/main
> git for-each-ref --sort -committerdate --format %(refname) %(objectname) %(*objectname)
> git remote --verbose
> git config --get commit.template
> git status -z -u
> git symbolic-ref --short HEAD
> git for-each-ref --format=%(refname)%00%(upstream:short)%00%(objectname)%00%(upstream:track) refs/heads/main refs/remotes/main
> git for-each-ref --sort -committerdate --format %(refname) %(objectname) %(*objectname)
> git remote --verbose
> git config --get commit.template
> git status -z -u
> git symbolic-ref --short HEAD
> git for-each-ref --format=%(refname)%00%(upstream:short)%00%(objectname)%00%(upstream:track) refs/heads/main refs/remotes/main
> git for-each-ref --sort -committerdate --format %(refname) %(objectname) %(*objectname)
> git remote --verbose
> git config --get commit.template
> git status -z -u
> git symbolic-ref --short HEAD
> git for-each-ref --format=%(refname)%00%(upstream:short)%00%(objectname)%00%(upstream:track) refs/heads/main refs/remotes/main
> git for-each-ref --sort -committerdate --format %(refname) %(objectname) %(*objectname)
> git remote --verbose
> git config --get commit.template
> git status -z -u
> git symbolic-ref --short HEAD
> git for-each-ref --format=%(refname)%00%(upstream:short)%00%(objectname)%00%(upstream:track) refs/heads/main refs/remotes/main
> git for-each-ref --sort -committerdate --format %(refname) %(objectname) %(*objectname)
> git remote --verbose
> git config --get commit.template
> git status -z -u
> git symbolic-ref --short HEAD
> git for-each-ref --format=%(refname)%00%(upstream:short)%00%(objectname)%00%(upstream:track) refs/heads/main refs/remotes/main
> git for-each-ref --sort -committerdate --format %(refname) %(objectname) %(*objectname)
> git remote --verbose
> git config --get commit.template
> git status -z -u
> git symbolic-ref --short HEAD
> git for-each-ref --format=%(refname)%00%(upstream:short)%00%(objectname)%00%(upstream:track) refs/heads/main refs/remotes/main
> git for-each-ref --sort -committerdate --format %(refname) %(objectname) %(*objectname)
> git remote --verbose
> git config --get commit.template
> git status -z -u
> git symbolic-ref --short HEAD
> git for-each-ref --format=%(refname)%00%(upstream:short)%00%(objectname)%00%(upstream:track) refs/heads/main refs/remotes/main
> git for-each-ref --sort -committerdate --format %(refname) %(objectname) %(*objectname)
> git remote --verbose
> git config --get commit.template
> git ls-files --stage -- /home/maharajamihir/Projects/BoozeUp-API/fetch_data.py
> git show --textconv :fetch_data.py
> git status -z -u
> git symbolic-ref --short HEAD
> git for-each-ref --format=%(refname)%00%(upstream:short)%00%(objectname)%00%(upstream:track) refs/heads/main refs/remotes/main
> git for-each-ref --sort -committerdate --format %(refname) %(objectname) %(*objectname)
> git remote --verbose
> git config --get commit.template
> git ls-files --stage -- /home/maharajamihir/Projects/BoozeUp-API/fetch_data.py
> git show --textconv :fetch_data.py
> git status -z -u
> git symbolic-ref --short HEAD
> git for-each-ref --format=%(refname)%00%(upstream:short)%00%(objectname)%00%(upstream:track) refs/heads/main refs/remotes/main
> git for-each-ref --sort -committerdate --format %(refname) %(objectname) %(*objectname)
> git remote --verbose
> git config --get commit.template
> git status -z -u
> git symbolic-ref --short HEAD
> git for-each-ref --format=%(refname)%00%(upstream:short)%00%(objectname)%00%(upstream:track) refs/heads/main refs/remotes/main
> git for-each-ref --sort -committerdate --format %(refname) %(objectname) %(*objectname)
> git remote --verbose
> git config --get commit.template
> git show --textconv :requirements.txt
> git ls-files --stage -- /home/maharajamihir/Projects/BoozeUp-API/requirements.txt
> git cat-file -s 16285b1a940408262af5b842ba0665c3de328f14
> git status -z -u
> git symbolic-ref --short HEAD
> git for-each-ref --format=%(refname)%00%(upstream:short)%00%(objectname)%00%(upstream:track) refs/heads/main refs/remotes/main
> git for-each-ref --sort -committerdate --format %(refname) %(objectname) %(*objectname)
> git remote --verbose
> git config --get commit.template
> git show --textconv :fetch_data.py
> git ls-files --stage -- /home/maharajamihir/Projects/BoozeUp-API/fetch_data.py
> git status -z -u
> git symbolic-ref --short HEAD
> git ls-files --stage -- /home/maharajamihir/Projects/BoozeUp-API/fetch_data.py
> git for-each-ref --format=%(refname)%00%(upstream:short)%00%(objectname)%00%(upstream:track) refs/heads/main refs/remotes/main
> git show --textconv :fetch_data.py
> git for-each-ref --sort -committerdate --format %(refname) %(objectname) %(*objectname)
> git remote --verbose
> git config --get commit.template
> git status -z -u
> git symbolic-ref --short HEAD
> git for-each-ref --format=%(refname)%00%(upstream:short)%00%(objectname)%00%(upstream:track) refs/heads/main refs/remotes/main
> git for-each-ref --sort -committerdate --format %(refname) %(objectname) %(*objectname)
> git remote --verbose
> git config --get commit.template
> git show --textconv :wsgi.py
> git ls-files --stage -- /home/maharajamihir/Projects/BoozeUp-API/wsgi.py
> git cat-file -s 33a92fa5a7143e1b99e7415c5da29620aea953a2
> git status -z -u
> git symbolic-ref --short HEAD
> git for-each-ref --format=%(refname)%00%(upstream:short)%00%(objectname)%00%(upstream:track) refs/heads/main refs/remotes/main
> git for-each-ref --sort -committerdate --format %(refname) %(objectname) %(*objectname)
> git remote --verbose
> git config --get commit.template
> git show --textconv :app/fetch_data.py
> git ls-files --stage -- /home/maharajamihir/Projects/BoozeUp-API/app/fetch_data.py
> git show --textconv :fetch_data.py
> git ls-files --stage -- /home/maharajamihir/Projects/BoozeUp-API/fetch_data.py
> git status -z -u
> git symbolic-ref --short HEAD
> git for-each-ref --format=%(refname)%00%(upstream:short)%00%(objectname)%00%(upstream:track) refs/heads/main refs/remotes/main
> git for-each-ref --sort -committerdate --format %(refname) %(objectname) %(*objectname)
> git remote --verbose
> git config --get commit.template
> git status -z -u
> git symbolic-ref --short HEAD
> git ls-files --stage -- /home/maharajamihir/Projects/BoozeUp-API/fetch_data.py
> git for-each-ref --format=%(refname)%00%(upstream:short)%00%(objectname)%00%(upstream:track) refs/heads/main refs/remotes/main
> git cat-file -s 1eaae208cd02c30a8036bbf7ae497433e59b580c
> git for-each-ref --sort -committerdate --format %(refname) %(objectname) %(*objectname)
> git remote --verbose
> git show --textconv :fetch_data.py
> git config --get commit.template
> git status -z -u
> git symbolic-ref --short HEAD
> git for-each-ref --format=%(refname)%00%(upstream:short)%00%(objectname)%00%(upstream:track) refs/heads/main refs/remotes/main
> git for-each-ref --sort -committerdate --format %(refname) %(objectname) %(*objectname)
> git remote --verbose
> git config --get commit.template
> git check-ignore -v -z --stdin
> git show --textconv :DatabaseScripts.md
> git ls-files --stage -- /home/maharajamihir/Projects/BoozeUp-API/DatabaseScripts.md
> git cat-file -s b8bc03fb2d350f9c582364e53d240a8adbdb8021
> git show --textconv :requirements.txt
> git ls-files --stage -- /home/maharajamihir/Projects/BoozeUp-API/requirements.txt
> git cat-file -s 280d3aeefde17051278608e2dc11eb1c20dcf97b
> git status -z -u
> git ls-files --stage -- /home/maharajamihir/Projects/BoozeUp-API/requirements.txt
> git symbolic-ref --short HEAD
> git cat-file -s 23a43bd277452fd12873b7a1ec201c7672fbee38
> git for-each-ref --format=%(refname)%00%(upstream:short)%00%(objectname)%00%(upstream:track) refs/heads/main refs/remotes/main
> git for-each-ref --sort -committerdate --format %(refname) %(objectname) %(*objectname)
> git remote --verbose
> git show --textconv :requirements.txt
> git config --get commit.template
> git show --textconv :wsgi.py
> git ls-files --stage -- /home/maharajamihir/Projects/BoozeUp-API/wsgi.py
> git cat-file -s 33a92fa5a7143e1b99e7415c5da29620aea953a2
> git status -z -u
> git symbolic-ref --short HEAD
> git for-each-ref --format=%(refname)%00%(upstream:short)%00%(objectname)%00%(upstream:track) refs/heads/main refs/remotes/main
> git for-each-ref --sort -committerdate --format %(refname) %(objectname) %(*objectname)
> git remote --verbose
> git config --get commit.template
> git status -z -u
> git symbolic-ref --short HEAD
> git for-each-ref --format=%(refname)%00%(upstream:short)%00%(objectname)%00%(upstream:track) refs/heads/main refs/remotes/main
> git for-each-ref --sort -committerdate --format %(refname) %(objectname) %(*objectname)
> git remote --verbose
> git config --get commit.template
> git status -z -u
> git symbolic-ref --short HEAD
> git for-each-ref --format=%(refname)%00%(upstream:short)%00%(objectname)%00%(upstream:track) refs/heads/main refs/remotes/main
> git for-each-ref --sort -committerdate --format %(refname) %(objectname) %(*objectname)
> git remote --verbose
> git config --get commit.template
> git status -z -u
> git symbolic-ref --short HEAD
> git for-each-ref --format=%(refname)%00%(upstream:short)%00%(objectname)%00%(upstream:track) refs/heads/main refs/remotes/main
> git for-each-ref --sort -committerdate --format %(refname) %(objectname) %(*objectname)
> git remote --verbose
> git config --get commit.template
> git status -z -u
> git symbolic-ref --short HEAD
> git for-each-ref --format=%(refname)%00%(upstream:short)%00%(objectname)%00%(upstream:track) refs/heads/main refs/remotes/main
> git for-each-ref --sort -committerdate --format %(refname) %(objectname) %(*objectname)
> git remote --verbose
> git config --get commit.template
> git status -z -u
> git symbolic-ref --short HEAD
> git for-each-ref --format=%(refname)%00%(upstream:short)%00%(objectname)%00%(upstream:track) refs/heads/main refs/remotes/main
> git for-each-ref --sort -committerdate --format %(refname) %(objectname) %(*objectname)
> git remote --verbose
> git config --get commit.template
> git status -z -u
> git symbolic-ref --short HEAD
> git for-each-ref --format=%(refname)%00%(upstream:short)%00%(objectname)%00%(upstream:track) refs/heads/main refs/remotes/main
> git for-each-ref --sort -committerdate --format %(refname) %(objectname) %(*objectname)
> git remote --verbose
> git config --get commit.template
> git status -z -u
> git symbolic-ref --short HEAD
> git for-each-ref --format=%(refname)%00%(upstream:short)%00%(objectname)%00%(upstream:track) refs/heads/main refs/remotes/main
> git for-each-ref --sort -committerdate --format %(refname) %(objectname) %(*objectname)
> git remote --verbose
> git config --get commit.template
> git show --textconv :fetch_data.py
> git ls-files --stage -- /home/maharajamihir/Projects/BoozeUp-API/fetch_data.py
> git cat-file -s 1eaae208cd02c30a8036bbf7ae497433e59b580c
> git log --format=%H%n%aN%n%aE%n%at%n%ct%n%P%n%B -z -n21 -- /home/maharajamihir/Projects/BoozeUp-API/fetch_data.py
> git show --textconv :DatabaseScripts.md
> git ls-files --stage -- /home/maharajamihir/Projects/BoozeUp-API/DatabaseScripts.md
> git cat-file -s b8bc03fb2d350f9c582364e53d240a8adbdb8021
> git show --textconv :wsgi.py
> git ls-files --stage -- /home/maharajamihir/Projects/BoozeUp-API/wsgi.py
> git cat-file -s 33a92fa5a7143e1b99e7415c5da29620aea953a2
> git show --textconv :DatabaseScripts.md
> git ls-files --stage -- /home/maharajamihir/Projects/BoozeUp-API/DatabaseScripts.md
> git cat-file -s b8bc03fb2d350f9c582364e53d240a8adbdb8021
> git show --textconv :app/main.py
> git ls-files --stage -- /home/maharajamihir/Projects/BoozeUp-API/app/main.py
> git cat-file -s dc25bd08840c21c519ec4e982127278b4eb5cf8f
